INFO:  latexindent.pl version 3.24.2, 2024-06-15, a script to indent .tex files
       latexindent.pl lives here: C:/Users/edu08/AppData/Local/Programs/MiKTeX/scripts/latexindent/
       Fri Jul 19 11:48:47 2024
       Filename: c:/Users/edu08/OneDrive - Universidad ESAN/2024-Inter/TESIS/Latex/1/__latexindent_temp_planteamiento.tex
INFO:  Processing switches:
       -y|--yaml: YAML settings specified via command line
       -c|--cruft: cruft directory
INFO:  Directory for backup files and log file c:\Users\edu08\OneDrive - Universidad ESAN\2024-Inter\TESIS\Latex\indent.log:
       c:\Users\edu08\OneDrive - Universidad ESAN\2024-Inter\TESIS\Latex\
INFO:  Perl modules are being loaded from the following directories:
       C:/strawberry-perl/perl/lib/FindBin.pm
       C:/strawberry-perl/perl/vendor/lib/YAML/Tiny.pm
       C:/strawberry-perl/perl/lib/File/Copy.pm
       C:/strawberry-perl/perl/lib/File/Basename.pm
       C:/strawberry-perl/perl/lib/Getopt/Long.pm
       C:/strawberry-perl/perl/vendor/lib/File/HomeDir.pm
INFO:  LatexIndent perl modules are being loaded from, for example:
       C:/Users/edu08/AppData/Local/Programs/MiKTeX/scripts/latexindent/LatexIndent/Document.pm
INFO:  YAML settings read: defaultSettings.yaml
       Reading defaultSettings.yaml from C:/Users/edu08/AppData/Local/Programs/MiKTeX/scripts/latexindent/defaultSettings.yaml
INFO:  YAML reading settings
       Home directory is C:\strawberry-perl\data
       latexindent.pl didn't find indentconfig.yaml or .indentconfig.yaml
       see all possible locations: https://latexindentpl.readthedocs.io/en/latest/sec-appendices.html#indentconfig-options)
INFO:  YAML settings read: -y switch
       YAML setting: defaultIndent:'\t'
       single-quoted string found in -y switch: '\t', substitute to 	
       Updating mainSettings with defaultIndent: 	
INFO:  Phase 1: searching for objects
INFO:  Phase 2: finding surrounding indentation
INFO:  Phase 3: indenting objects
INFO:  Phase 4: final indentation check
INFO:  Output routine:
       Not outputting to file; see -w and -o switches for more options.
       --------------
INFO:  Please direct all communication/issues to:
        https://github.com/cmhughes/latexindent.pl
