This is pdfTeX, Version 3.141592653-2.6-1.40.25 (MiKTeX 24.1) (preloaded format=pdflatex 2024.4.22)  24 NOV 2024 02:16
entering extended mode
 \write18 enabled.
 %&-line parsing enabled.
**"c:/Users/edu08/OneDrive - Universidad ESAN/2024-Inter/TESIS/Latex/tesis.tex"
(c:/Users/edu08/OneDrive - Universidad ESAN/2024-Inter/TESIS/Latex/tesis.tex
LaTeX2e <2023-11-01> patch level 1
L3 programming layer <2024-01-04>
(C:\Users\edu08\AppData\Local\Programs\MiKTeX\tex/latex/base\report.cls
Document Class: report 2023/05/17 v1.4n Standard LaTeX document class
(C:\Users\edu08\AppData\Local\Programs\MiKTeX\tex/latex/base\size12.clo
File: size12.clo 2023/05/17 v1.4n Standard LaTeX file (size option)
)
\c@part=\count187
\c@chapter=\count188
\c@section=\count189
\c@subsection=\count190
\c@subsubsection=\count191
\c@paragraph=\count192
\c@subparagraph=\count193
\c@figure=\count194
\c@table=\count195
\abovecaptionskip=\skip48
\belowcaptionskip=\skip49
\bibindent=\dimen140
) (C:\Users\edu08\AppData\Local\Programs\MiKTeX\tex/latex/psnfss\mathptmx.sty
Package: mathptmx 2020/03/25 PSNFSS-v9.3 Times w/ Math, improved (SPQR, WaS) 
LaTeX Font Info:    Redeclaring symbol font `operators' on input line 28.
LaTeX Font Info:    Overwriting symbol font `operators' in version `normal'
(Font)                  OT1/cmr/m/n --> OT1/ztmcm/m/n on input line 28.
LaTeX Font Info:    Overwriting symbol font `operators' in version `bold'
(Font)                  OT1/cmr/bx/n --> OT1/ztmcm/m/n on input line 28.
LaTeX Font Info:    Redeclaring symbol font `letters' on input line 29.
LaTeX Font Info:    Overwriting symbol font `letters' in version `normal'
(Font)                  OML/cmm/m/it --> OML/ztmcm/m/it on input line 29.
LaTeX Font Info:    Overwriting symbol font `letters' in version `bold'
(Font)                  OML/cmm/b/it --> OML/ztmcm/m/it on input line 29.
LaTeX Font Info:    Redeclaring symbol font `symbols' on input line 30.
LaTeX Font Info:    Overwriting symbol font `symbols' in version `normal'
(Font)                  OMS/cmsy/m/n --> OMS/ztmcm/m/n on input line 30.
LaTeX Font Info:    Overwriting symbol font `symbols' in version `bold'
(Font)                  OMS/cmsy/b/n --> OMS/ztmcm/m/n on input line 30.
LaTeX Font Info:    Redeclaring symbol font `largesymbols' on input line 31.
LaTeX Font Info:    Overwriting symbol font `largesymbols' in version `normal'
(Font)                  OMX/cmex/m/n --> OMX/ztmcm/m/n on input line 31.
LaTeX Font Info:    Overwriting symbol font `largesymbols' in version `bold'
(Font)                  OMX/cmex/m/n --> OMX/ztmcm/m/n on input line 31.
\symbold=\mathgroup4
\symitalic=\mathgroup5
LaTeX Font Info:    Redeclaring math alphabet \mathbf on input line 34.
LaTeX Font Info:    Overwriting math alphabet `\mathbf' in version `normal'
(Font)                  OT1/cmr/bx/n --> OT1/ptm/bx/n on input line 34.
LaTeX Font Info:    Overwriting math alphabet `\mathbf' in version `bold'
(Font)                  OT1/cmr/bx/n --> OT1/ptm/bx/n on input line 34.
LaTeX Font Info:    Redeclaring math alphabet \mathit on input line 35.
LaTeX Font Info:    Overwriting math alphabet `\mathit' in version `normal'
(Font)                  OT1/cmr/m/it --> OT1/ptm/m/it on input line 35.
LaTeX Font Info:    Overwriting math alphabet `\mathit' in version `bold'
(Font)                  OT1/cmr/bx/it --> OT1/ptm/m/it on input line 35.
LaTeX Info: Redefining \hbar on input line 50.
) (C:\Users\edu08\AppData\Local\Programs\MiKTeX\tex/latex/geometry\geometry.sty
Package: geometry 2020/01/02 v5.9 Page Geometry
 (C:\Users\edu08\AppData\Local\Programs\MiKTeX\tex/latex/graphics\keyval.sty
Package: keyval 2022/05/29 v1.15 key=value parser (DPC)
\KV@toks@=\toks17
) (C:\Users\edu08\AppData\Local\Programs\MiKTeX\tex/generic/iftex\ifvtex.sty
Package: ifvtex 2019/10/25 v1.7 ifvtex legacy package. Use iftex instead.
 (C:\Users\edu08\AppData\Local\Programs\MiKTeX\tex/generic/iftex\iftex.sty
Package: iftex 2022/02/03 v1.0f TeX engine tests
))
\Gm@cnth=\count196
\Gm@cntv=\count197
\c@Gm@tempcnt=\count198
\Gm@bindingoffset=\dimen141
\Gm@wd@mp=\dimen142
\Gm@odd@mp=\dimen143
\Gm@even@mp=\dimen144
\Gm@layoutwidth=\dimen145
\Gm@layoutheight=\dimen146
\Gm@layouthoffset=\dimen147
\Gm@layoutvoffset=\dimen148
\Gm@dimlist=\toks18
 (C:\Users\edu08\AppData\Local\Programs\MiKTeX\tex/latex/geometry\geometry.cfg)) (C:\Users\edu08\AppData\Local\Programs\MiKTeX\tex/latex/etex-pkg\etex.sty
Package: etex 2016/08/01 v2.7 eTeX basic definition package (PEB,DPC)
\et@xins=\count199
) (C:\Users\edu08\AppData\Local\Programs\MiKTeX\tex/latex/base\inputenc.sty
Package: inputenc 2021/02/14 v1.3d Input encoding file
\inpenc@prehook=\toks19
\inpenc@posthook=\toks20
) (C:\Users\edu08\AppData\Local\Programs\MiKTeX\tex/latex/csquotes\csquotes.sty
Package: csquotes 2024-04-04 v5.2o context-sensitive quotations (JAW)
 (C:\Users\edu08\AppData\Local\Programs\MiKTeX\tex/latex/etoolbox\etoolbox.sty
Package: etoolbox 2020/10/05 v2.5k e-TeX tools for LaTeX (JAW)
Normal \count register pool exhausted, switching to extended pool.
\etb@tempcnta=\count277
)
\csq@reset=\count278
\csq@gtype=\count279
\csq@glevel=\count280
\csq@qlevel=\count281
\csq@maxlvl=\count282
\csq@tshold=\count283
\csq@ltx@everypar=\toks21
 (C:\Users\edu08\AppData\Local\Programs\MiKTeX\tex/latex/csquotes\csquotes.def
File: csquotes.def 2024-04-04 v5.2o csquotes generic definitions (JAW)
)
Package csquotes Info: Trying to load configuration file 'csquotes.cfg'...
Package csquotes Info: ... configuration file loaded successfully.
 (C:\Users\edu08\AppData\Local\Programs\MiKTeX\tex/latex/csquotes\csquotes.cfg
File: csquotes.cfg 
)) (C:\Users\edu08\AppData\Local\Programs\MiKTeX\tex/generic/babel\babel.sty
Package: babel 2024/01/07 v24.1 The Babel package
\babel@savecnt=\count284
\U@D=\dimen149
\l@unhyphenated=\language79
 (C:\Users\edu08\AppData\Local\Programs\MiKTeX\tex/generic/babel\txtbabel.def)
\bbl@readstream=\read2
\bbl@dirlevel=\count285

*************************************
* Local config file bblopts.cfg used
*
(C:\Users\edu08\AppData\Local\Programs\MiKTeX\tex/latex/arabi\bblopts.cfg
File: bblopts.cfg 2005/09/08 v0.1 add Arabic and Farsi to "declared" options of babel
) (C:\Users\edu08\AppData\Local\Programs\MiKTeX\tex/latex/babel-spanish\spanish.ldf
Language: spanish.ldf 2021/05/27 v5.0q Spanish support from the babel system
\es@quottoks=\toks22
\es@quotdepth=\count286
Package babel Info: Making " an active character on input line 570.
Package babel Info: Making . an active character on input line 675.
Package babel Info: Making < an active character on input line 722.
Package babel Info: Making > an active character on input line 722.
)) (C:\Users\edu08\AppData\Local\Programs\MiKTeX\tex/generic/babel/locale/es\babel-spanish.tex
Package babel Info: Importing font and identification data for spanish
(babel)             from babel-es.ini. Reported on input line 11.
) (C:\Users\edu08\AppData\Local\Programs\MiKTeX\tex/latex/biblatex\biblatex.sty
Package: biblatex 2023/03/05 v3.19 programmable bibliographies (PK/MW)
 (C:\Users\edu08\AppData\Local\Programs\MiKTeX\tex/generic/pdftexcmds\pdftexcmds.sty
Package: pdftexcmds 2020-06-27 v0.33 Utility functions of pdfTeX for LuaTeX (HO)
 (C:\Users\edu08\AppData\Local\Programs\MiKTeX\tex/generic/infwarerr\infwarerr.sty
Package: infwarerr 2019/12/03 v1.5 Providing info/warning/error messages (HO)
) (C:\Users\edu08\AppData\Local\Programs\MiKTeX\tex/generic/ltxcmds\ltxcmds.sty
Package: ltxcmds 2023-12-04 v1.26 LaTeX kernel commands for general use (HO)
)
Package pdftexcmds Info: \pdf@primitive is available.
Package pdftexcmds Info: \pdf@ifprimitive is available.
Package pdftexcmds Info: \pdfdraftmode found.
) (C:\Users\edu08\AppData\Local\Programs\MiKTeX\tex/latex/kvoptions\kvoptions.sty
Package: kvoptions 2022-06-15 v3.15 Key value format for package options (HO)
 (C:\Users\edu08\AppData\Local\Programs\MiKTeX\tex/latex/kvsetkeys\kvsetkeys.sty
Package: kvsetkeys 2022-10-05 v1.19 Key value parser (HO)
)) (C:\Users\edu08\AppData\Local\Programs\MiKTeX\tex/latex/logreq\logreq.sty
Package: logreq 2010/08/04 v1.0 xml request logger
\lrq@indent=\count287
 (C:\Users\edu08\AppData\Local\Programs\MiKTeX\tex/latex/logreq\logreq.def
File: logreq.def 2010/08/04 v1.0 logreq spec v1.0
)) (C:\Users\edu08\AppData\Local\Programs\MiKTeX\tex/latex/base\ifthen.sty
Package: ifthen 2022/04/13 v1.1d Standard LaTeX ifthen package (DPC)
) (C:\Users\edu08\AppData\Local\Programs\MiKTeX\tex/latex/url\url.sty
\Urlmuskip=\muskip16
Package: url 2013/09/16  ver 3.4  Verb mode for urls, etc.
)
\c@tabx@nest=\count288
\c@listtotal=\count289
\c@listcount=\count290
\c@liststart=\count291
\c@liststop=\count292
\c@citecount=\count293
\c@citetotal=\count294
\c@multicitecount=\count295
\c@multicitetotal=\count296
\c@instcount=\count297
\c@maxnames=\count298
\c@minnames=\count299
\c@maxitems=\count300
\c@minitems=\count301
\c@citecounter=\count302
\c@maxcitecounter=\count303
\c@savedcitecounter=\count304
\c@uniquelist=\count305
\c@uniquename=\count306
\c@refsection=\count307
\c@refsegment=\count308
\c@maxextratitle=\count309
\c@maxextratitleyear=\count310
\c@maxextraname=\count311
\c@maxextradate=\count312
\c@maxextraalpha=\count313
\c@abbrvpenalty=\count314
\c@highnamepenalty=\count315
\c@lownamepenalty=\count316
\c@maxparens=\count317
\c@parenlevel=\count318
\blx@tempcnta=\count319
\blx@tempcntb=\count320
\blx@tempcntc=\count321
\c@blx@maxsection=\count322
\blx@maxsegment@0=\count323
\blx@notetype=\count324
\blx@parenlevel@text=\count325
\blx@parenlevel@foot=\count326
\blx@sectionciteorder@0=\count327
\blx@sectionciteorderinternal@0=\count328
\blx@entrysetcounter=\count329
\blx@biblioinstance=\count330
\labelnumberwidth=\skip50
\labelalphawidth=\skip51
\biblabelsep=\skip52
\bibitemsep=\skip53
\bibnamesep=\skip54
\bibinitsep=\skip55
\bibparsep=\skip56
\bibhang=\skip57
\blx@bcfin=\read3
\blx@bcfout=\write3
\blx@langwohyphens=\language80
\c@mincomprange=\count331
\c@maxcomprange=\count332
\c@mincompwidth=\count333
Package biblatex Info: Trying to load biblatex default data model...
Package biblatex Info: ... file 'blx-dm.def' found.
 (C:\Users\edu08\AppData\Local\Programs\MiKTeX\tex/latex/biblatex\blx-dm.def
File: blx-dm.def 2023/03/05 v3.19 biblatex localization (PK/MW)
)
Package biblatex Info: Trying to load biblatex style data model...
Package biblatex Info: ... file 'apa.dbx' found.
 (C:\Users\edu08\AppData\Local\Programs\MiKTeX\tex/latex/biblatex-apa\apa.dbx
File: apa.dbx 2023/03/20 v9.17 APA biblatex style data model
)
Package biblatex Info: Trying to load biblatex custom data model...
Package biblatex Info: ... file 'biblatex-dm.cfg' not found.
\c@afterword=\count334
\c@savedafterword=\count335
\c@annotator=\count336
\c@savedannotator=\count337
\c@author=\count338
\c@savedauthor=\count339
\c@bookauthor=\count340
\c@savedbookauthor=\count341
\c@commentator=\count342
\c@savedcommentator=\count343
\c@editor=\count344
\c@savededitor=\count345
\c@editora=\count346
\c@savededitora=\count347
\c@editorb=\count348
\c@savededitorb=\count349
\c@editorc=\count350
\c@savededitorc=\count351
\c@foreword=\count352
\c@savedforeword=\count353
\c@holder=\count354
\c@savedholder=\count355
\c@introduction=\count356
\c@savedintroduction=\count357
\c@namea=\count358
\c@savednamea=\count359
\c@nameb=\count360
\c@savednameb=\count361
\c@namec=\count362
\c@savednamec=\count363
\c@translator=\count364
\c@savedtranslator=\count365
\c@shortauthor=\count366
\c@savedshortauthor=\count367
\c@shorteditor=\count368
\c@savedshorteditor=\count369
\c@narrator=\count370
\c@savednarrator=\count371
\c@execproducer=\count372
\c@savedexecproducer=\count373
\c@execdirector=\count374
\c@savedexecdirector=\count375
\c@with=\count376
\c@savedwith=\count377
\c@labelname=\count378
\c@savedlabelname=\count379
\c@institution=\count380
\c@savedinstitution=\count381
\c@lista=\count382
\c@savedlista=\count383
\c@listb=\count384
\c@savedlistb=\count385
\c@listc=\count386
\c@savedlistc=\count387
\c@listd=\count388
\c@savedlistd=\count389
\c@liste=\count390
\c@savedliste=\count391
\c@listf=\count392
\c@savedlistf=\count393
\c@location=\count394
\c@savedlocation=\count395
\c@organization=\count396
\c@savedorganization=\count397
\c@origlocation=\count398
\c@savedoriglocation=\count399
\c@origpublisher=\count400
\c@savedorigpublisher=\count401
\c@publisher=\count402
\c@savedpublisher=\count403
\c@language=\count404
\c@savedlanguage=\count405
\c@origlanguage=\count406
\c@savedoriglanguage=\count407
\c@citation=\count408
\c@savedcitation=\count409
\c@pageref=\count410
\c@savedpageref=\count411
\shorthandwidth=\skip58
\shortjournalwidth=\skip59
\shortserieswidth=\skip60
\shorttitlewidth=\skip61
\shortauthorwidth=\skip62
\shorteditorwidth=\skip63
\locallabelnumberwidth=\skip64
\locallabelalphawidth=\skip65
\localshorthandwidth=\skip66
\localshortjournalwidth=\skip67
\localshortserieswidth=\skip68
\localshorttitlewidth=\skip69
\localshortauthorwidth=\skip70
\localshorteditorwidth=\skip71
Package biblatex Info: Trying to load compatibility code...
Package biblatex Info: ... file 'blx-compat.def' found.
 (C:\Users\edu08\AppData\Local\Programs\MiKTeX\tex/latex/biblatex\blx-compat.def
File: blx-compat.def 2023/03/05 v3.19 biblatex compatibility (PK/MW)
)
Package biblatex Info: Trying to load generic definitions...
Package biblatex Info: ... file 'biblatex.def' found.
 (C:\Users\edu08\AppData\Local\Programs\MiKTeX\tex/latex/biblatex\biblatex.def
File: biblatex.def 2023/03/05 v3.19 biblatex compatibility (PK/MW)
\c@textcitecount=\count412
\c@textcitetotal=\count413
\c@textcitemaxnames=\count414
\c@biburlbigbreakpenalty=\count415
\c@biburlbreakpenalty=\count416
\c@biburlnumpenalty=\count417
\c@biburlucpenalty=\count418
\c@biburllcpenalty=\count419
\biburlbigskip=\muskip17
\biburlnumskip=\muskip18
\biburlucskip=\muskip19
\biburllcskip=\muskip20
\c@smartand=\count420
)
Package biblatex Info: Trying to load bibliography style 'apa'...
Package biblatex Info: ... file 'apa.bbx' found.
 (C:\Users\edu08\AppData\Local\Programs\MiKTeX\tex/latex/biblatex-apa\apa.bbx
File: apa.bbx 2023/03/20 v9.17 APA biblatex references style
Package biblatex Info: Trying to load bibliography style 'standard'...
Package biblatex Info: ... file 'standard.bbx' found.
 (C:\Users\edu08\AppData\Local\Programs\MiKTeX\tex/latex/biblatex/bbx\standard.bbx
File: standard.bbx 2023/03/05 v3.19 biblatex bibliography style (PK/MW)
\c@bbx:relatedcount=\count421
\c@bbx:relatedtotal=\count422
)
Package biblatex Info: Delimiter 'nameyeardelim' in context 'bib' already defined, overwriting.
Package biblatex Info: Delimiter 'nameyeardelim' in context 'biblist' already defined, overwriting.
Package biblatex Info: Delimiter 'nonameyeardelim' in context 'bib' already defined, overwriting.
Package biblatex Info: Delimiter 'nonameyeardelim' in context 'biblist' already defined, overwriting.
)
Package biblatex Info: Trying to load citation style 'apa'...
Package biblatex Info: ... file 'apa.cbx' found.
 (C:\Users\edu08\AppData\Local\Programs\MiKTeX\tex/latex/biblatex-apa\apa.cbx
File: apa.cbx 2023/03/20 v9.17 APA biblatex citation style
Package biblatex Info: Delimiter 'nameyeardelim' in context '' already defined, overwriting.
Package biblatex Info: Delimiter 'andothersdelim' in context '' already defined, overwriting.
Package biblatex Info: Redefining '\fullcite'.
Package biblatex Info: Redefining '\citeauthor'.
Package biblatex Info: Redefining '\citeyear'.
Package biblatex Info: Redefining '\cite'.
Package biblatex Info: Redefining '\cites'.
Package biblatex Info: Redefining '\parencite'.
Package biblatex Info: Redefining '\parencites'.
Package biblatex Info: Redefining '\footcite'.
Package biblatex Info: Redefining '\footcites'.
Package biblatex Info: Redefining '\footcitetext'.
Package biblatex Info: Redefining '\footcitetexts'.
Package biblatex Info: Redefining '\smartcite'.
Package biblatex Info: Redefining '\smartcites'.
Package biblatex Info: Redefining '\textcite'.
Package biblatex Info: Redefining '\textcites'.
)
Package biblatex Info: Trying to load configuration file...
Package biblatex Info: ... file 'biblatex.cfg' found.
 (C:\Users\edu08\AppData\Local\Programs\MiKTeX\tex/latex/biblatex\biblatex.cfg
File: biblatex.cfg 
)
Package biblatex Info: Input encoding 'utf8' detected.
Package biblatex Info: Document encoding is UTF8 ....
 (C:\Users\edu08\AppData\Local\Programs\MiKTeX\tex/latex/l3kernel\expl3.sty
Package: expl3 2024-01-04 L3 programming layer (loader) 
 (C:\Users\edu08\AppData\Local\Programs\MiKTeX\tex/latex/l3backend\l3backend-pdftex.def
File: l3backend-pdftex.def 2024-01-04 L3 backend support: PDF output (pdfTeX)
\l__color_backend_stack_int=\count423
\l__pdf_internal_box=\box51
))
Package biblatex Info: ... and expl3
(biblatex)             2024-01-04 L3 programming layer (loader) 
(biblatex)             is new enough (at least 2020/04/06),
(biblatex)             setting 'casechanger=expl3'.
 (C:\Users\edu08\AppData\Local\Programs\MiKTeX\tex/latex/biblatex\blx-case-expl3.sty (C:\Users\edu08\AppData\Local\Programs\MiKTeX\tex/latex/l3packages/xparse\xparse.sty
Package: xparse 2023-10-10 L3 Experimental document command parser
)
Package: blx-case-expl3 2023/03/05 v3.19 expl3 case changing code for biblatex
)) (C:\Users\edu08\AppData\Local\Programs\MiKTeX\tex/latex/adjustbox\adjustbox.sty
Package: adjustbox 2022/10/17 v1.3a Adjusting TeX boxes (trim, clip, ...)
 (C:\Users\edu08\AppData\Local\Programs\MiKTeX\tex/latex/xkeyval\xkeyval.sty
Package: xkeyval 2022/06/16 v2.9 package option processing (HA)
 (C:\Users\edu08\AppData\Local\Programs\MiKTeX\tex/generic/xkeyval\xkeyval.tex (C:\Users\edu08\AppData\Local\Programs\MiKTeX\tex/generic/xkeyval\xkvutils.tex
\XKV@toks=\toks23
\XKV@tempa@toks=\toks24
)
\XKV@depth=\count424
File: xkeyval.tex 2014/12/03 v2.7a key=value parser (HA)
)) (C:\Users\edu08\AppData\Local\Programs\MiKTeX\tex/latex/adjustbox\adjcalc.sty
Package: adjcalc 2012/05/16 v1.1 Provides advanced setlength with multiple back-ends (calc, etex, pgfmath)
) (C:\Users\edu08\AppData\Local\Programs\MiKTeX\tex/latex/adjustbox\trimclip.sty
Package: trimclip 2020/08/19 v1.2 Trim and clip general TeX material
 (C:\Users\edu08\AppData\Local\Programs\MiKTeX\tex/latex/graphics\graphicx.sty
Package: graphicx 2021/09/16 v1.2d Enhanced LaTeX Graphics (DPC,SPQR)
 (C:\Users\edu08\AppData\Local\Programs\MiKTeX\tex/latex/graphics\graphics.sty
Package: graphics 2022/03/10 v1.4e Standard LaTeX Graphics (DPC,SPQR)
 (C:\Users\edu08\AppData\Local\Programs\MiKTeX\tex/latex/graphics\trig.sty
Package: trig 2021/08/11 v1.11 sin cos tan (DPC)
) (C:\Users\edu08\AppData\Local\Programs\MiKTeX\tex/latex/graphics-cfg\graphics.cfg
File: graphics.cfg 2016/06/04 v1.11 sample graphics configuration
)
Package graphics Info: Driver file: pdftex.def on input line 107.
 (C:\Users\edu08\AppData\Local\Programs\MiKTeX\tex/latex/graphics-def\pdftex.def
File: pdftex.def 2022/09/22 v1.2b Graphics/color driver for pdftex
))
\Gin@req@height=\dimen150
\Gin@req@width=\dimen151
) (C:\Users\edu08\AppData\Local\Programs\MiKTeX\tex/latex/collectbox\collectbox.sty
Package: collectbox 2022/10/17 v0.4c Collect macro arguments as boxes
\collectedbox=\box52
)
\tc@llx=\dimen152
\tc@lly=\dimen153
\tc@urx=\dimen154
\tc@ury=\dimen155
Package trimclip Info: Using driver 'tc-pdftex.def'.
 (C:\Users\edu08\AppData\Local\Programs\MiKTeX\tex/latex/adjustbox\tc-pdftex.def
File: tc-pdftex.def 2019/01/04 v2.2 Clipping driver for pdftex
))
\adjbox@Width=\dimen156
\adjbox@Height=\dimen157
\adjbox@Depth=\dimen158
\adjbox@Totalheight=\dimen159
\adjbox@pwidth=\dimen160
\adjbox@pheight=\dimen161
\adjbox@pdepth=\dimen162
\adjbox@ptotalheight=\dimen163
 (C:\Users\edu08\AppData\Local\Programs\MiKTeX\tex/latex/ifoddpage\ifoddpage.sty
Package: ifoddpage 2022/10/18 v1.2 Conditionals for odd/even page detection
\c@checkoddpage=\count425
) (C:\Users\edu08\AppData\Local\Programs\MiKTeX\tex/latex/varwidth\varwidth.sty
Package: varwidth 2009/03/30 ver 0.92;  Variable-width minipages
\@vwid@box=\box53
\sift@deathcycles=\count426
\@vwid@loff=\dimen164
\@vwid@roff=\dimen165
)) (C:\Users\edu08\AppData\Local\Programs\MiKTeX\tex/latex/float\float.sty
Package: float 2001/11/08 v1.3d Float enhancements (AL)
\c@float@type=\count427
\float@exts=\toks25
\float@box=\box54
\@float@everytoks=\toks26
\@floatcapt=\box55
) (C:\Users\edu08\AppData\Local\Programs\MiKTeX\tex/latex/tools\longtable.sty
Package: longtable 2023-11-01 v4.19 Multi-page Table package (DPC)
\LTleft=\skip72
\LTright=\skip73
\LTpre=\skip74
\LTpost=\skip75
\LTchunksize=\count428
\LTcapwidth=\dimen166
\LT@head=\box56
\LT@firsthead=\box57
\LT@foot=\box58
\LT@lastfoot=\box59
\LT@gbox=\box60
\LT@cols=\count429
\LT@rows=\count430
\c@LT@tables=\count431
\c@LT@chunks=\count432
\LT@p@ftn=\toks27
) (C:\Users\edu08\AppData\Local\Programs\MiKTeX\tex/latex/listings\listings.sty
\lst@mode=\count433
\lst@gtempboxa=\box61
\lst@token=\toks28
\lst@length=\count434
\lst@currlwidth=\dimen167
\lst@column=\count435
\lst@pos=\count436
\lst@lostspace=\dimen168
\lst@width=\dimen169
\lst@newlines=\count437
\lst@lineno=\count438
\lst@maxwidth=\dimen170
 (C:\Users\edu08\AppData\Local\Programs\MiKTeX\tex/latex/listings\lstmisc.sty
File: lstmisc.sty 2023/02/27 1.9 (Carsten Heinz)
\c@lstnumber=\count439
\lst@skipnumbers=\count440
\lst@framebox=\box62
) (C:\Users\edu08\AppData\Local\Programs\MiKTeX\tex/latex/listings\listings.cfg
File: listings.cfg 2023/02/27 1.9 listings configuration
))
Package: listings 2023/02/27 1.9 (Carsten Heinz)
 (C:\Users\edu08\AppData\Local\Programs\MiKTeX\tex/latex/graphics\rotating.sty
Package: rotating 2016/08/11 v2.16d rotated objects in LaTeX
\c@r@tfl@t=\count441
\rotFPtop=\skip76
\rotFPbot=\skip77
\rot@float@box=\box63
\rot@mess@toks=\toks29
) (C:\Users\edu08\AppData\Local\Programs\MiKTeX\tex/latex/hyperref\hyperref.sty
Package: hyperref 2023-11-26 v7.01g Hypertext links for LaTeX
 (C:\Users\edu08\AppData\Local\Programs\MiKTeX\tex/generic/kvdefinekeys\kvdefinekeys.sty
Package: kvdefinekeys 2019-12-19 v1.6 Define keys (HO)
) (C:\Users\edu08\AppData\Local\Programs\MiKTeX\tex/generic/pdfescape\pdfescape.sty
Package: pdfescape 2019/12/09 v1.15 Implements pdfTeX's escape features (HO)
) (C:\Users\edu08\AppData\Local\Programs\MiKTeX\tex/latex/hycolor\hycolor.sty
Package: hycolor 2020-01-27 v1.10 Color options for hyperref/bookmark (HO)
) (C:\Users\edu08\AppData\Local\Programs\MiKTeX\tex/latex/letltxmacro\letltxmacro.sty
Package: letltxmacro 2019/12/03 v1.6 Let assignment for LaTeX macros (HO)
) (C:\Users\edu08\AppData\Local\Programs\MiKTeX\tex/latex/auxhook\auxhook.sty
Package: auxhook 2019-12-17 v1.6 Hooks for auxiliary files (HO)
) (C:\Users\edu08\AppData\Local\Programs\MiKTeX\tex/latex/hyperref\nameref.sty
Package: nameref 2023-11-26 v2.56 Cross-referencing by name of section
 (C:\Users\edu08\AppData\Local\Programs\MiKTeX\tex/latex/refcount\refcount.sty
Package: refcount 2019/12/15 v3.6 Data extraction from label references (HO)
) (C:\Users\edu08\AppData\Local\Programs\MiKTeX\tex/generic/gettitlestring\gettitlestring.sty
Package: gettitlestring 2019/12/15 v1.6 Cleanup title references (HO)
)
\c@section@level=\count442
)
\@linkdim=\dimen171
\Hy@linkcounter=\count443
\Hy@pagecounter=\count444
 (C:\Users\edu08\AppData\Local\Programs\MiKTeX\tex/latex/hyperref\pd1enc.def
File: pd1enc.def 2023-11-26 v7.01g Hyperref: PDFDocEncoding definition (HO)
Now handling font encoding PD1 ...
... no UTF-8 mapping file for font encoding PD1
) (C:\Users\edu08\AppData\Local\Programs\MiKTeX\tex/generic/intcalc\intcalc.sty
Package: intcalc 2019/12/15 v1.3 Expandable calculations with integers (HO)
)
\Hy@SavedSpaceFactor=\count445
 (C:\Users\edu08\AppData\Local\Programs\MiKTeX\tex/latex/hyperref\puenc.def
File: puenc.def 2023-11-26 v7.01g Hyperref: PDF Unicode definition (HO)
Now handling font encoding PU ...
... no UTF-8 mapping file for font encoding PU
)
Package hyperref Info: Option `colorlinks' set `true' on input line 4064.
Package hyperref Info: Option `bookmarks' set `true' on input line 4064.
Package hyperref Info: Hyper figures OFF on input line 4181.
Package hyperref Info: Link nesting OFF on input line 4186.
Package hyperref Info: Hyper index ON on input line 4189.
Package hyperref Info: Plain pages OFF on input line 4196.
Package hyperref Info: Backreferencing OFF on input line 4201.
Package hyperref Info: Implicit mode ON; LaTeX internals redefined.
Package hyperref Info: Bookmarks ON on input line 4448.
\c@Hy@tempcnt=\count446
LaTeX Info: Redefining \url on input line 4786.
\XeTeXLinkMargin=\dimen172
 (C:\Users\edu08\AppData\Local\Programs\MiKTeX\tex/generic/bitset\bitset.sty
Package: bitset 2019/12/09 v1.3 Handle bit-vector datatype (HO)
 (C:\Users\edu08\AppData\Local\Programs\MiKTeX\tex/generic/bigintcalc\bigintcalc.sty
Package: bigintcalc 2019/12/15 v1.5 Expandable calculations on big integers (HO)
))
\Fld@menulength=\count447
\Field@Width=\dimen173
\Fld@charsize=\dimen174
Package hyperref Info: Hyper figures OFF on input line 6065.
Package hyperref Info: Link nesting OFF on input line 6070.
Package hyperref Info: Hyper index ON on input line 6073.
Package hyperref Info: backreferencing OFF on input line 6080.
Package hyperref Info: Link coloring ON on input line 6083.
Package hyperref Info: Link coloring with OCG OFF on input line 6090.
Package hyperref Info: PDF/A mode OFF on input line 6095.
 (C:\Users\edu08\AppData\Local\Programs\MiKTeX\tex/latex/base\atbegshi-ltx.sty
Package: atbegshi-ltx 2021/01/10 v1.0c Emulation of the original atbegshi
package with kernel methods
)
\Hy@abspage=\count448
\c@Item=\count449
\c@Hfootnote=\count450
)
Package hyperref Info: Driver (autodetected): hpdftex.
 (C:\Users\edu08\AppData\Local\Programs\MiKTeX\tex/latex/hyperref\hpdftex.def
File: hpdftex.def 2023-11-26 v7.01g Hyperref driver for pdfTeX
 (C:\Users\edu08\AppData\Local\Programs\MiKTeX\tex/latex/base\atveryend-ltx.sty
Package: atveryend-ltx 2020/08/19 v1.0a Emulation of the original atveryend package
with kernel methods
)
\Fld@listcount=\count451
\c@bookmark@seq@number=\count452
 (C:\Users\edu08\AppData\Local\Programs\MiKTeX\tex/latex/rerunfilecheck\rerunfilecheck.sty
Package: rerunfilecheck 2022-07-10 v1.10 Rerun checks for auxiliary files (HO)
 (C:\Users\edu08\AppData\Local\Programs\MiKTeX\tex/generic/uniquecounter\uniquecounter.sty
Package: uniquecounter 2019/12/15 v1.4 Provide unlimited unique counter (HO)
)
Package uniquecounter Info: New unique counter `rerunfilecheck' on input line 285.
)
\Hy@SectionHShift=\skip78
) (C:\Users\edu08\AppData\Local\Programs\MiKTeX\tex/latex/amsfonts\amssymb.sty
Package: amssymb 2013/01/14 v3.01 AMS font symbols
 (C:\Users\edu08\AppData\Local\Programs\MiKTeX\tex/latex/amsfonts\amsfonts.sty
Package: amsfonts 2013/01/14 v3.01 Basic AMSFonts support
\@emptytoks=\toks30
\symAMSa=\mathgroup6
\symAMSb=\mathgroup7
LaTeX Font Info:    Overwriting math alphabet `\mathfrak' in version `bold'
(Font)                  U/euf/m/n --> U/euf/b/n on input line 106.
)) (C:\Users\edu08\AppData\Local\Programs\MiKTeX\tex/latex/caption\caption.sty
Package: caption 2023/08/05 v3.6o Customizing captions (AR)
 (C:\Users\edu08\AppData\Local\Programs\MiKTeX\tex/latex/caption\caption3.sty
Package: caption3 2023/07/31 v2.4d caption3 kernel (AR)
\caption@tempdima=\dimen175
\captionmargin=\dimen176
\caption@leftmargin=\dimen177
\caption@rightmargin=\dimen178
\caption@width=\dimen179
\caption@indent=\dimen180
\caption@parindent=\dimen181
\caption@hangindent=\dimen182
Package caption Info: Standard document class detected.
)
\c@caption@flags=\count453
\c@continuedfloat=\count454
Package caption Info: float package is loaded.
Package caption Info: hyperref package is loaded.
Package caption Info: listings package is loaded.
Package caption Info: longtable package is loaded.
 (C:\Users\edu08\AppData\Local\Programs\MiKTeX\tex/latex/caption\ltcaption.sty
Package: ltcaption 2021/01/08 v1.4c longtable captions (AR)
)
Package caption Info: rotating package is loaded.
) (C:\Users\edu08\AppData\Local\Programs\MiKTeX\tex/latex/amsfonts\eucal.sty
Package: eucal 2009/06/22 v3.00 Euler Script fonts
LaTeX Font Info:    Overwriting math alphabet `\EuScript' in version `bold'
(Font)                  U/eus/m/n --> U/eus/b/n on input line 33.
) (C:\Users\edu08\AppData\Local\Programs\MiKTeX\tex/latex/graphics\color.sty
Package: color 2022/01/06 v1.3d Standard LaTeX Color (DPC)
 (C:\Users\edu08\AppData\Local\Programs\MiKTeX\tex/latex/graphics-cfg\color.cfg
File: color.cfg 2016/01/02 v1.6 sample color configuration
)
Package color Info: Driver file: pdftex.def on input line 149.
 (C:\Users\edu08\AppData\Local\Programs\MiKTeX\tex/latex/graphics\dvipsnam.def
File: dvipsnam.def 2016/06/17 v3.0m Driver-dependent file (DPC,SPQR)
) (C:\Users\edu08\AppData\Local\Programs\MiKTeX\tex/latex/graphics\mathcolor.ltx)) (C:\Users\edu08\AppData\Local\Programs\MiKTeX\tex/latex/footmisc\footmisc.sty
Package: footmisc 2023/07/05 v6.0f a miscellany of footnote facilities
\FN@temptoken=\toks31
\footnotemargin=\dimen183
\@outputbox@depth=\dimen184
 (C:\Users\edu08\AppData\Local\Programs\MiKTeX\tex/latex/bigfoot\perpage.sty
Package: perpage 2014/10/25 2.0 Reset/sort counters per page
\c@abspage=\count455
)
\c@pp@a@footnote=\count456
Package footmisc Info: Declaring symbol style bringhurst on input line 696.
Package footmisc Info: Declaring symbol style chicago on input line 704.
Package footmisc Info: Declaring symbol style wiley on input line 713.
Package footmisc Info: Declaring symbol style lamport-robust on input line 724.
Package footmisc Info: Declaring symbol style lamport* on input line 744.
Package footmisc Info: Declaring symbol style lamport*-robust on input line 765.
) (C:\Users\edu08\AppData\Local\Programs\MiKTeX\tex/latex/tools\multicol.sty
Package: multicol 2023/03/30 v1.9f multicolumn formatting (FMi)
\c@tracingmulticols=\count457
\mult@box=\box64
\multicol@leftmargin=\dimen185
\c@unbalance=\count458
\c@collectmore=\count459
\doublecol@number=\count460
\multicoltolerance=\count461
\multicolpretolerance=\count462
\full@width=\dimen186
\page@free=\dimen187
\premulticols=\dimen188
\postmulticols=\dimen189
\multicolsep=\skip79
\multicolbaselineskip=\skip80
\partial@page=\box65
\last@line=\box66
\mc@boxedresult=\box67
\maxbalancingoverflow=\dimen190
\mult@rightbox=\box68
\mult@grightbox=\box69
\mult@firstbox=\box70
\mult@gfirstbox=\box71
\@tempa=\box72
\@tempa=\box73
\@tempa=\box74
\@tempa=\box75
\@tempa=\box76
\@tempa=\box77
\@tempa=\box78
\@tempa=\box79
\@tempa=\box80
\@tempa=\box81
\@tempa=\box82
\@tempa=\box83
\@tempa=\box84
\@tempa=\box85
\@tempa=\box86
\@tempa=\box87
\@tempa=\box88
\@tempa=\box89
\@tempa=\box90
\@tempa=\box91
\@tempa=\box92
\@tempa=\box93
\@tempa=\box94
\@tempa=\box95
\@tempa=\box96
\@tempa=\box97
\@tempa=\box98
\@tempa=\box99
\@tempa=\box100
\@tempa=\box101
\@tempa=\box102
\@tempa=\box103
\@tempa=\box104
\@tempa=\box105
\@tempa=\box106
\@tempa=\box107
\c@minrows=\count463
\c@columnbadness=\count464
\c@finalcolumnbadness=\count465
\last@try=\dimen191
\multicolovershoot=\dimen192
\multicolundershoot=\dimen193
\mult@nat@firstbox=\box108
\colbreak@box=\box109
\mc@col@check@num=\count466
) (C:\Users\edu08\AppData\Local\Programs\MiKTeX\tex/latex/tocbibind\tocbibind.sty
Package: tocbibind 2010/10/13 v1.5k extra ToC listings
Package tocbibind Info: The document has chapter divisions on input line 50.


Package tocbibind Note: Using chapter style headings, unless overridden.

) (C:\Users\edu08\AppData\Local\Programs\MiKTeX\tex/latex/appendix\appendix.sty
Package: appendix 2020/02/08 v1.2c extra appendix facilities
\c@@pps=\count467
\c@@ppsavesec=\count468
\c@@ppsaveapp=\count469
) (C:\Users\edu08\AppData\Local\Programs\MiKTeX\tex/latex/fancyhdr\fancyhdr.sty
Package: fancyhdr 2022/11/09 v4.1 Extensive control of page headers and footers
\f@nch@headwidth=\skip81
\f@nch@O@elh=\skip82
\f@nch@O@erh=\skip83
\f@nch@O@olh=\skip84
\f@nch@O@orh=\skip85
\f@nch@O@elf=\skip86
\f@nch@O@erf=\skip87
\f@nch@O@olf=\skip88
\f@nch@O@orf=\skip89
) (C:\Users\edu08\AppData\Local\Programs\MiKTeX\tex/latex/tools\array.sty
Package: array 2023/10/16 v2.5g Tabular extension package (FMi)
\col@sep=\dimen194
\ar@mcellbox=\box110
\extrarowheight=\dimen195
\NC@list=\toks32
\extratabsurround=\skip90
\backup@length=\skip91
\ar@cellbox=\box111
) (C:\Users\edu08\AppData\Local\Programs\MiKTeX\tex/latex/ragged2e\ragged2e.sty
Package: ragged2e 2023/06/22 v3.6 ragged2e Package
\CenteringLeftskip=\skip92
\RaggedLeftLeftskip=\skip93
\RaggedRightLeftskip=\skip94
\CenteringRightskip=\skip95
\RaggedLeftRightskip=\skip96
\RaggedRightRightskip=\skip97
\CenteringParfillskip=\skip98
\RaggedLeftParfillskip=\skip99
\RaggedRightParfillskip=\skip100
\JustifyingParfillskip=\skip101
\CenteringParindent=\skip102
\RaggedLeftParindent=\skip103
\RaggedRightParindent=\skip104
\JustifyingParindent=\skip105
) (C:\Users\edu08\AppData\Local\Programs\MiKTeX\tex/latex/multirow\multirow.sty
Package: multirow 2021/03/15 v2.8 Span multiple rows of a table
\multirow@colwidth=\skip106
\multirow@cntb=\count470
\multirow@dima=\skip107
\bigstrutjot=\dimen196
) (C:\Users\edu08\AppData\Local\Programs\MiKTeX\tex/latex/makecell\makecell.sty
Package: makecell 2009/08/03 V0.1e Managing of Tab Column Heads and Cells
\rotheadsize=\dimen197
\c@nlinenum=\count471
\TeXr@lab=\toks33
) (C:\Users\edu08\AppData\Local\Programs\MiKTeX\tex/latex/siunitx\siunitx.sty
Package: siunitx 2024-04-15 v3.3.14 A comprehensive (SI) units package
\l__siunitx_number_uncert_offset_int=\count472
\l__siunitx_number_exponent_fixed_int=\count473
\l__siunitx_number_min_decimal_int=\count474
\l__siunitx_number_min_integer_int=\count475
\l__siunitx_number_round_precision_int=\count476
\l__siunitx_number_lower_threshold_int=\count477
\l__siunitx_number_upper_threshold_int=\count478
\l__siunitx_number_group_first_int=\count479
\l__siunitx_number_group_size_int=\count480
\l__siunitx_number_group_minimum_int=\count481
\l__siunitx_angle_tmp_dim=\dimen198
\l__siunitx_angle_marker_box=\box112
\l__siunitx_angle_unit_box=\box113
\l__siunitx_compound_count_int=\count482
 (C:\Users\edu08\AppData\Local\Programs\MiKTeX\tex/latex/translations\translations.sty
Package: translations 2022/02/05 v1.12 internationalization of LaTeX2e packages (CN)
) (C:\Users\edu08\AppData\Local\Programs\MiKTeX\tex/latex/amsmath\amstext.sty
Package: amstext 2021/08/26 v2.01 AMS text
 (C:\Users\edu08\AppData\Local\Programs\MiKTeX\tex/latex/amsmath\amsgen.sty
File: amsgen.sty 1999/11/30 v2.0 generic functions
\@emptytoks=\toks34
\ex@=\dimen199
))
\l__siunitx_table_tmp_box=\box114
Normal \dimen register pool exhausted, switching to extended pool.
\l__siunitx_table_tmp_dim=\dimen256
\l__siunitx_table_column_width_dim=\dimen257
\l__siunitx_table_integer_box=\box115
\l__siunitx_table_decimal_box=\box116
\l__siunitx_table_uncert_box=\box117
\l__siunitx_table_before_box=\box118
\l__siunitx_table_after_box=\box119
\l__siunitx_table_before_dim=\dimen258
\l__siunitx_table_carry_dim=\dimen259
\l__siunitx_unit_tmp_int=\count483
\l__siunitx_unit_position_int=\count484
\l__siunitx_unit_total_int=\count485
) (C:\Users\edu08\AppData\Local\Programs\MiKTeX\tex/latex/xcolor\xcolor.sty
Package: xcolor 2023/11/15 v3.01 LaTeX color extensions (UK)
 (C:\Users\edu08\AppData\Local\Programs\MiKTeX\tex/latex/graphics-cfg\color.cfg
File: color.cfg 2016/01/02 v1.6 sample color configuration
)
Package xcolor Info: Driver file: pdftex.def on input line 274.
LaTeX Info: Redefining \color on input line 758.
 (C:\Users\edu08\AppData\Local\Programs\MiKTeX\tex/latex/graphics\mathcolor.ltx)
Package xcolor Info: Model `cmy' substituted by `cmy0' on input line 1350.
Package xcolor Info: Model `hsb' substituted by `rgb' on input line 1354.
Package xcolor Info: Model `RGB' extended on input line 1366.
Package xcolor Info: Model `HTML' substituted by `rgb' on input line 1368.
Package xcolor Info: Model `Hsb' substituted by `hsb' on input line 1369.
Package xcolor Info: Model `tHsb' substituted by `hsb' on input line 1370.
Package xcolor Info: Model `HSB' substituted by `hsb' on input line 1371.
Package xcolor Info: Model `Gray' substituted by `gray' on input line 1372.
Package xcolor Info: Model `wave' substituted by `hsb' on input line 1373.
) (C:\Users\edu08\AppData\Local\Programs\MiKTeX\tex/latex/colortbl\colortbl.sty
Package: colortbl 2024/02/20 v1.0g Color table columns (DPC)
\everycr=\toks35
\minrowclearance=\skip108
\rownum=\count486
) (C:\Users\edu08\AppData\Local\Programs\MiKTeX\tex/latex/amsmath\amsmath.sty
Package: amsmath 2023/05/13 v2.17o AMS math features
\@mathmargin=\skip109

For additional information on amsmath, use the `?' option.
(C:\Users\edu08\AppData\Local\Programs\MiKTeX\tex/latex/amsmath\amsbsy.sty
Package: amsbsy 1999/11/29 v1.2d Bold Symbols
\pmbraise@=\dimen260
) (C:\Users\edu08\AppData\Local\Programs\MiKTeX\tex/latex/amsmath\amsopn.sty
Package: amsopn 2022/04/08 v2.04 operator names
)
\inf@bad=\count487
LaTeX Info: Redefining \frac on input line 234.
\uproot@=\count488
\leftroot@=\count489
LaTeX Info: Redefining \overline on input line 399.
LaTeX Info: Redefining \colon on input line 410.
\classnum@=\count490
\DOTSCASE@=\count491
LaTeX Info: Redefining \ldots on input line 496.
LaTeX Info: Redefining \dots on input line 499.
LaTeX Info: Redefining \cdots on input line 620.
\Mathstrutbox@=\box120
\strutbox@=\box121
LaTeX Info: Redefining \big on input line 722.
LaTeX Info: Redefining \Big on input line 723.
LaTeX Info: Redefining \bigg on input line 724.
LaTeX Info: Redefining \Bigg on input line 725.
\big@size=\dimen261
LaTeX Font Info:    Redeclaring font encoding OML on input line 743.
LaTeX Font Info:    Redeclaring font encoding OMS on input line 744.
\macc@depth=\count492
LaTeX Info: Redefining \bmod on input line 905.
LaTeX Info: Redefining \pmod on input line 910.
LaTeX Info: Redefining \smash on input line 940.
LaTeX Info: Redefining \relbar on input line 970.
LaTeX Info: Redefining \Relbar on input line 971.
\c@MaxMatrixCols=\count493
\dotsspace@=\muskip21
\c@parentequation=\count494
\dspbrk@lvl=\count495
\tag@help=\toks36
\row@=\count496
\column@=\count497
\maxfields@=\count498
\andhelp@=\toks37
\eqnshift@=\dimen262
\alignsep@=\dimen263
\tagshift@=\dimen264
\tagwidth@=\dimen265
\totwidth@=\dimen266
\lineht@=\dimen267
\@envbody=\toks38
\multlinegap=\skip110
\multlinetaggap=\skip111
\mathdisplay@stack=\toks39
LaTeX Info: Redefining \[ on input line 2953.
LaTeX Info: Redefining \] on input line 2954.
)
Package csquotes Info: Checking for multilingual support...
Package csquotes Info: ... found 'babel' package.
Package csquotes Info: Adjusting default style.
Package csquotes Info: Redefining alias 'default' -> 'spanish'.
LaTeX Font Info:    Trying to load font information for OT1+ptm on input line 124.
 (C:\Users\edu08\AppData\Local\Programs\MiKTeX\tex/latex/psnfss\ot1ptm.fd
File: ot1ptm.fd 2001/06/04 font definitions for OT1/ptm.
) (tesis.aux
LaTeX Info: Redefining \. on input line 13.
LaTeX Info: Redefining \% on input line 13.
 (0/resumen.aux) (0/abstract.aux) (0/Introduction.aux) (1/planteamiento.aux) (2/marco.aux

LaTeX Warning: Label `1:fig' multiply defined.


LaTeX Warning: Label `fig:etiqueta_de_la_figura' multiply defined.


LaTeX Warning: Label `fig:etiqueta_de_la_figura' multiply defined.


LaTeX Warning: Label `fig:etiqueta_de_la_figura' multiply defined.


LaTeX Warning: Label `1:fig' multiply defined.

) (3/metodologia.aux) (4/desarrollo.aux

LaTeX Warning: Label `fig:convolucion' multiply defined.


LaTeX Warning: Label `fig:convolucion' multiply defined.


LaTeX Warning: Label `fig:convolucion' multiply defined.


LaTeX Warning: Label `fig:preproc-crop' multiply defined.


LaTeX Warning: Label `fig:clip_muestra' multiply defined.

) (6/conclusion.aux) (anexos/anexo.aux))
\openout1 = `tesis.aux'.

LaTeX Font Info:    Checking defaults for OML/cmm/m/it on input line 124.
LaTeX Font Info:    ... okay on input line 124.
LaTeX Font Info:    Checking defaults for OMS/cmsy/m/n on input line 124.
LaTeX Font Info:    ... okay on input line 124.
LaTeX Font Info:    Checking defaults for OT1/cmr/m/n on input line 124.
LaTeX Font Info:    ... okay on input line 124.
LaTeX Font Info:    Checking defaults for T1/cmr/m/n on input line 124.
LaTeX Font Info:    ... okay on input line 124.
LaTeX Font Info:    Checking defaults for TS1/cmr/m/n on input line 124.
LaTeX Font Info:    ... okay on input line 124.
LaTeX Font Info:    Checking defaults for OMX/cmex/m/n on input line 124.
LaTeX Font Info:    ... okay on input line 124.
LaTeX Font Info:    Checking defaults for U/cmr/m/n on input line 124.
LaTeX Font Info:    ... okay on input line 124.
LaTeX Font Info:    Checking defaults for PD1/pdf/m/n on input line 124.
LaTeX Font Info:    ... okay on input line 124.
LaTeX Font Info:    Checking defaults for PU/pdf/m/n on input line 124.
LaTeX Font Info:    ... okay on input line 124.

*geometry* driver: auto-detecting
*geometry* detected driver: pdftex
*geometry* verbose mode - [ preamble ] result:
* driver: pdftex
* paper: a4paper
* layout: <same size as paper>
* layoutoffset:(h,v)=(0.0pt,0.0pt)
* modes: 
* h-part:(L,W,R)=(72.2698pt, 452.96826pt, 72.2698pt)
* v-part:(T,H,B)=(72.2698pt, 700.50723pt, 72.2698pt)
* \paperwidth=597.50787pt
* \paperheight=845.04684pt
* \textwidth=452.96826pt
* \textheight=700.50723pt
* \oddsidemargin=-0.00018pt
* \evensidemargin=-0.00018pt
* \topmargin=-37.00018pt
* \headheight=12.0pt
* \headsep=25.0pt
* \topskip=12.0pt
* \footskip=30.0pt
* \marginparwidth=44.0pt
* \marginparsep=10.0pt
* \columnsep=20.0pt
* \skip\footins=10.8pt plus 4.0pt minus 2.0pt
* \hoffset=0.0pt
* \voffset=0.0pt
* \mag=1000
* \@twocolumnfalse
* \@twosidefalse
* \@mparswitchfalse
* \@reversemarginfalse
* (1in=72.27pt=25.4mm, 1cm=28.453pt)

LaTeX Info: Redefining \. on input line 124.
LaTeX Info: Redefining \% on input line 124.
Package biblatex Info: Trying to load language 'spanish' -> 'spanish-apa'...
Package biblatex Info: ... file 'spanish-apa.lbx' found.
(C:\Users\edu08\AppData\Local\Programs\MiKTeX\tex/latex/biblatex-apa\spanish-apa.lbx
File: spanish-apa.lbx 2023/03/20 v9.17 APA biblatex localisation
Package biblatex Info: Trying to load language 'spanish'...
Package biblatex Info: ... file 'spanish.lbx' found.
 (C:\Users\edu08\AppData\Local\Programs\MiKTeX\tex/latex/biblatex/lbx\spanish.lbx
File: spanish.lbx 2023/03/05 v3.19 biblatex localization (PK/MW)
)
Package biblatex Info: Trying to load language 'spanish'...
Package biblatex Info: ... file 'spanish.lbx' found.
 (C:\Users\edu08\AppData\Local\Programs\MiKTeX\tex/latex/biblatex/lbx\spanish.lbx
File: spanish.lbx 2023/03/05 v3.19 biblatex localization (PK/MW)
))
Package biblatex Info: Input encoding 'utf8' detected.
Package biblatex Info: Automatic encoding selection.
(biblatex)             Assuming data encoding 'utf8'.
\openout3 = `tesis.bcf'.

Package biblatex Info: Trying to load bibliographic data...
Package biblatex Info: ... file 'tesis.bbl' found.
 (tesis.bbl)
Package biblatex Info: Reference section=0 on input line 124.
Package biblatex Info: Reference segment=0 on input line 124.
 (C:\Users\edu08\AppData\Local\Programs\MiKTeX\tex/context/base/mkii\supp-pdf.mkii
[Loading MPS to PDF converter (version 2006.09.02).]
\scratchcounter=\count499
\scratchdimen=\dimen268
\scratchbox=\box122
\nofMPsegments=\count500
\nofMParguments=\count501
\everyMPshowfont=\toks40
\MPscratchCnt=\count502
\MPscratchDim=\dimen269
\MPnumerator=\count503
\makeMPintoPDFobject=\count504
\everyMPtoPDFconversion=\toks41
) (C:\Users\edu08\AppData\Local\Programs\MiKTeX\tex/latex/epstopdf-pkg\epstopdf-base.sty
Package: epstopdf-base 2020-01-24 v2.11 Base part for package epstopdf
 (C:\Users\edu08\AppData\Local\Programs\MiKTeX\tex/latex/grfext\grfext.sty
Package: grfext 2019/12/03 v1.3 Manage graphics extensions (HO)
)
Package epstopdf-base Info: Redefining graphics rule for `.eps' on input line 485.
Package grfext Info: Graphics extension search list:
(grfext)             [.pdf,.png,.jpg,.mps,.jpeg,.jbig2,.jb2,.PDF,.PNG,.JPG,.JPEG,.JBIG2,.JB2,.eps]
(grfext)             \AppendGraphicsExtensions on input line 504.
 (C:\Users\edu08\AppData\Local\Programs\MiKTeX\tex/latex/00miktex\epstopdf-sys.cfg
File: epstopdf-sys.cfg 2021/03/18 v2.0 Configuration of epstopdf for MiKTeX
))
\c@lstlisting=\count505
Package hyperref Info: Link coloring ON on input line 124.
 (tesis.out) (tesis.out)
\@outlinefile=\write4
\openout4 = `tesis.out'.

Package caption Info: Begin \AtBeginDocument code.
Package caption Info: End \AtBeginDocument code.
 (C:\Users\edu08\AppData\Local\Programs\MiKTeX\tex/latex/translations/dicts\translations-basic-dictionary-spanish.trsl
File: translations-basic-dictionary-spanish.trsl (spanish translation file `translations-basic-dictionary')
)
Package translations Info: loading dictionary `translations-basic-dictionary' for `spanish'. on input line 124.
<images_repo/esanlogomin.png, id=579, 100.6962pt x 100.2144pt>
File: images_repo/esanlogomin.png Graphic file (type png)
<use images_repo/esanlogomin.png>
Package pdftex.def Info: images_repo/esanlogomin.png  used on input line 128.
(pdftex.def)             Requested size: 203.83434pt x 202.87491pt.
 [1

{C:/Users/edu08/AppData/Local/MiKTeX/fonts/map/pdftex/pdftex.map}{C:/Users/edu08/AppData/Local/Programs/MiKTeX/fonts/enc/dvips/base/8r.enc} <./images_repo/esanlogomin.png>] (tesis.toc
LaTeX Info: Redefining \sptext on input line 1.
LaTeX Info: Redefining \. on input line 1.
LaTeX Info: Redefining \% on input line 1.
LaTeX Font Info:    Trying to load font information for OT1+ztmcm on input line 5.
 (C:\Users\edu08\AppData\Local\Programs\MiKTeX\tex/latex/psnfss\ot1ztmcm.fd
File: ot1ztmcm.fd 2000/01/03 Fontinst v1.801 font definitions for OT1/ztmcm.
)
LaTeX Font Info:    Trying to load font information for OML+ztmcm on input line 5.
 (C:\Users\edu08\AppData\Local\Programs\MiKTeX\tex/latex/psnfss\omlztmcm.fd
File: omlztmcm.fd 2000/01/03 Fontinst v1.801 font definitions for OML/ztmcm.
)
LaTeX Font Info:    Trying to load font information for OMS+ztmcm on input line 5.
 (C:\Users\edu08\AppData\Local\Programs\MiKTeX\tex/latex/psnfss\omsztmcm.fd
File: omsztmcm.fd 2000/01/03 Fontinst v1.801 font definitions for OMS/ztmcm.
)
LaTeX Font Info:    Trying to load font information for OMX+ztmcm on input line 5.
 (C:\Users\edu08\AppData\Local\Programs\MiKTeX\tex/latex/psnfss\omxztmcm.fd
File: omxztmcm.fd 2000/01/03 Fontinst v1.801 font definitions for OMX/ztmcm.
)
LaTeX Font Info:    Font shape `OT1/ptm/bx/n' in size <12> not available
(Font)              Font shape `OT1/ptm/b/n' tried instead on input line 5.
LaTeX Font Info:    Font shape `OT1/ptm/bx/n' in size <9> not available
(Font)              Font shape `OT1/ptm/b/n' tried instead on input line 5.
LaTeX Font Info:    Font shape `OT1/ptm/bx/n' in size <7> not available
(Font)              Font shape `OT1/ptm/b/n' tried instead on input line 5.

pdfTeX warning (ext4): destination with the same identifier (name{page.1}) has been already used, duplicate ignored
<to be read again> 
                   \relax 
l.21 ...≥tesis Espec√≠ficas}{20}{subsection.1.5.2}
                                                  % [1

]
LaTeX Info: Redefining \sptext on input line 82.
LaTeX Info: Redefining \. on input line 82.
LaTeX Info: Redefining \% on input line 82.
 [2]
LaTeX Info: Redefining \sptext on input line 112.
LaTeX Info: Redefining \. on input line 112.
LaTeX Info: Redefining \% on input line 112.
 [3]
LaTeX Info: Redefining \sptext on input line 139.
LaTeX Info: Redefining \. on input line 139.
LaTeX Info: Redefining \% on input line 139.
 [4])
\tf@toc=\write5
\openout5 = `tesis.toc'.

LaTeX Info: Redefining \. on input line 157.
LaTeX Info: Redefining \% on input line 157.
 [5] (tesis.lof
LaTeX Info: Redefining \sptext on input line 1.
LaTeX Info: Redefining \. on input line 1.
LaTeX Info: Redefining \% on input line 1.
 [6

]
LaTeX Info: Redefining \sptext on input line 46.
LaTeX Info: Redefining \. on input line 46.
LaTeX Info: Redefining \% on input line 46.
 [7])
\tf@lof=\write6
\openout6 = `tesis.lof'.

LaTeX Info: Redefining \. on input line 159.
LaTeX Info: Redefining \% on input line 159.
 [8] (tesis.lot
LaTeX Info: Redefining \sptext on input line 1.
LaTeX Info: Redefining \. on input line 1.
LaTeX Info: Redefining \% on input line 1.
)
\tf@lot=\write7
\openout7 = `tesis.lot'.

 [9

]
\openout2 = `0/resumen.aux'.

 (0/resumen.tex
Underfull \hbox (badness 10000) in paragraph at lines 7--9

 []

) [10

]
\openout2 = `0/abstract.aux'.

 (0/abstract.tex)
Underfull \hbox (badness 10000) in paragraph at lines 7--161

 []

[11



]
\openout2 = `0/Introduction.aux'.

 (0/Introduction.tex [12



])
LaTeX Info: Redefining \. on input line 162.
LaTeX Info: Redefining \% on input line 162.
 [13]
\openout2 = `1/planteamiento.aux'.

 (1/planteamiento.tex
Cap\'{\i }tulo 1.
<1/figures/Tendencias_Redes_2023.jpg, id=905, 642.4pt x 254.9525pt>
File: 1/figures/Tendencias_Redes_2023.jpg Graphic file (type jpg)
<use 1/figures/Tendencias_Redes_2023.jpg>
Package pdftex.def Info: 1/figures/Tendencias_Redes_2023.jpg  used on input line 9.
(pdftex.def)             Requested size: 362.37598pt x 143.82278pt.
[14




 <./1/figures/Tendencias_Redes_2023.jpg>]
<1/figures/Top_Peru_2023.png, id=915, 1444.64719pt x 719.68875pt>
File: 1/figures/Top_Peru_2023.png Graphic file (type png)
<use 1/figures/Top_Peru_2023.png>
Package pdftex.def Info: 1/figures/Top_Peru_2023.png  used on input line 31.
(pdftex.def)             Requested size: 362.37598pt x 180.52573pt.
LaTeX Info: Redefining \. on input line 35.
LaTeX Info: Redefining \% on input line 35.
 [15]
LaTeX Info: Redefining \. on input line 57.
LaTeX Info: Redefining \% on input line 57.
 [16 <./1/figures/Top_Peru_2023.png>]
LaTeX Info: Redefining \. on input line 94.
LaTeX Info: Redefining \% on input line 94.
 [17]
LaTeX Info: Redefining \. on input line 103.
LaTeX Info: Redefining \% on input line 103.
 [18]
LaTeX Info: Redefining \. on input line 112.
LaTeX Info: Redefining \% on input line 112.
 [19])
LaTeX Info: Redefining \. on input line 164.
LaTeX Info: Redefining \% on input line 164.
 [20]
\openout2 = `2/marco.aux'.

 (2/marco.tex
Cap\'{\i }tulo 2.
(2/1_antecedentes/antecedentes.tex [21




]
<2/figures/Metodolog√≠a_ant_1.png, id=951, 631.60968pt x 292.84406pt>
File: 2/figures/Metodolog√≠a_ant_1.png Graphic file (type png)
<use 2/figures/Metodolog√≠a_ant_1.png>
Package pdftex.def Info: 2/figures/Metodolog√≠a_ant_1.png  used on input line 29.
(pdftex.def)             Requested size: 362.37598pt x 168.01761pt.
LaTeX Info: Redefining \. on input line 34.
LaTeX Info: Redefining \% on input line 34.
 [22]
Overfull \hbox (5.09235pt too wide) in paragraph at lines 42--53
 [][] 
 []

LaTeX Info: Redefining \. on input line 64.
LaTeX Info: Redefining \% on input line 64.
[23 <./2/figures/Metodolog√≠a_ant_1.png>]
LaTeX Info: Redefining \. on input line 77.
LaTeX Info: Redefining \% on input line 77.
 [24]
<2/figures/Metodolog√≠a.png, id=973, 872.50969pt x 453.19313pt>
File: 2/figures/Metodolog√≠a.png Graphic file (type png)
<use 2/figures/Metodolog√≠a.png>
Package pdftex.def Info: 2/figures/Metodolog√≠a.png  used on input line 99.
(pdftex.def)             Requested size: 226.48413pt x 117.6338pt.
LaTeX Info: Redefining \. on input line 120.
LaTeX Info: Redefining \% on input line 120.
 [25 <./2/figures/Metodolog√≠a.png>]
LaTeX Info: Redefining \. on input line 143.
LaTeX Info: Redefining \% on input line 143.
 [26]
<2/figures/Metodologia_ant_3.png, id=990, 346.29375pt x 237.13594pt>
File: 2/figures/Metodologia_ant_3.png Graphic file (type png)
<use 2/figures/Metodologia_ant_3.png>
Package pdftex.def Info: 2/figures/Metodologia_ant_3.png  used on input line 168.
(pdftex.def)             Requested size: 226.48413pt x 155.0954pt.
LaTeX Info: Redefining \. on input line 172.
LaTeX Info: Redefining \% on input line 172.
 [27]
Overfull \hbox (56.99173pt too wide) in paragraph at lines 179--187
 [][] 
 []

LaTeX Info: Redefining \. on input line 201.
LaTeX Info: Redefining \% on input line 201.
[28 <./2/figures/Metodologia_ant_3.png>]
LaTeX Info: Redefining \. on input line 219.
LaTeX Info: Redefining \% on input line 219.
 [29]
<2/figures/Metodologia_ant_5.png, id=1012, 658.71094pt x 423.08063pt>
File: 2/figures/Metodologia_ant_5.png Graphic file (type png)
<use 2/figures/Metodologia_ant_5.png>
Package pdftex.def Info: 2/figures/Metodologia_ant_5.png  used on input line 240.
(pdftex.def)             Requested size: 226.48413pt x 145.46588pt.
LaTeX Info: Redefining \. on input line 249.
LaTeX Info: Redefining \% on input line 249.
 [30 <./2/figures/Metodologia_ant_5.png>]
LaTeX Info: Redefining \. on input line 264.
LaTeX Info: Redefining \% on input line 264.
 [31]
<2/figures/Metodologia_ant_4.png, id=1029, 810.02625pt x 478.78876pt>
File: 2/figures/Metodologia_ant_4.png Graphic file (type png)
<use 2/figures/Metodologia_ant_4.png>
Package pdftex.def Info: 2/figures/Metodologia_ant_4.png  used on input line 288.
(pdftex.def)             Requested size: 226.48413pt x 133.86998pt.
LaTeX Info: Redefining \. on input line 292.
LaTeX Info: Redefining \% on input line 292.
 [32]
Overfull \hbox (4.11191pt too wide) in paragraph at lines 313--313
[]\OT1/ptm/b/n/14.4 NewsVideo Sum-ma-ri-za-tion Com-bi-ning SURF and Co-lor His-to-gram
 []

LaTeX Info: Redefining \. on input line 317.
LaTeX Info: Redefining \% on input line 317.
[33 <./2/figures/Metodologia_ant_4.png>]
LaTeX Info: Redefining \. on input line 342.
LaTeX Info: Redefining \% on input line 342.
 [34]

LaTeX Warning: `h' float specifier changed to `ht'.

) (2/2_teoria/base_teo.tex
LaTeX Info: Redefining \. on input line 2.
LaTeX Info: Redefining \% on input line 2.
 [35]
<2/figures/BW_1.png, id=1061, 603.0028pt x 328.97906pt>
File: 2/figures/BW_1.png Graphic file (type png)
<use 2/figures/BW_1.png>
Package pdftex.def Info: 2/figures/BW_1.png  used on input line 9.
(pdftex.def)             Requested size: 226.48413pt x 123.5626pt.
<2/figures/RGB_1.png, id=1064, 511.9125pt x 511.9125pt>
File: 2/figures/RGB_1.png Graphic file (type png)
<use 2/figures/RGB_1.png>
Package pdftex.def Info: 2/figures/RGB_1.png  used on input line 16.
(pdftex.def)             Requested size: 226.48413pt x 226.48416pt.
LaTeX Info: Redefining \. on input line 20.
LaTeX Info: Redefining \% on input line 20.
 [36 <./2/figures/BW_1.png>]
<2/figures/RGB_2.png, id=1075, 352.31625pt x 294.34969pt>
File: 2/figures/RGB_2.png Graphic file (type png)
<use 2/figures/RGB_2.png>
Package pdftex.def Info: 2/figures/RGB_2.png  used on input line 25.
(pdftex.def)             Requested size: 271.7837pt x 227.06764pt.
LaTeX Info: Redefining \. on input line 33.
LaTeX Info: Redefining \% on input line 33.
 [37 <./2/figures/RGB_1.png> <./2/figures/RGB_2.png>]
<2/figures/Video_1.png, id=1087, 518.6878pt x 274.02374pt>
File: 2/figures/Video_1.png Graphic file (type png)
<use 2/figures/Video_1.png>
Package pdftex.def Info: 2/figures/Video_1.png  used on input line 41.
(pdftex.def)             Requested size: 271.7837pt x 143.58865pt.
LaTeX Info: Redefining \. on input line 51.
LaTeX Info: Redefining \% on input line 51.
 [38 <./2/figures/Video_1.png>]
LaTeX Info: Redefining \. on input line 70.
LaTeX Info: Redefining \% on input line 70.
 [39]
<2/figures/HOG.png, id=1106, 826.58812pt x 273.27094pt>
File: 2/figures/HOG.png Graphic file (type png)
<use 2/figures/HOG.png>
Package pdftex.def Info: 2/figures/HOG.png  used on input line 76.
(pdftex.def)             Requested size: 362.37598pt x 119.80174pt.
LaTeX Info: Redefining \. on input line 92.
LaTeX Info: Redefining \% on input line 92.
 [40 <./2/figures/HOG.png>]
<2/figures/Redes neuronales.png, id=1118, 804.00375pt x 398.23781pt>
File: 2/figures/Redes neuronales.png Graphic file (type png)
<use 2/figures/Redes neuronales.png>
Package pdftex.def Info: 2/figures/Redes neuronales.png  used on input line 95.
(pdftex.def)             Requested size: 271.7837pt x 134.61517pt.
LaTeX Info: Redefining \. on input line 111.
LaTeX Info: Redefining \% on input line 111.
 [41 <./2/figures/Redes neuronales.png>]
<2/figures/Convolucion.png, id=1128, 649.67719pt x 581.92406pt>
File: 2/figures/Convolucion.png Graphic file (type png)
<use 2/figures/Convolucion.png>
Package pdftex.def Info: 2/figures/Convolucion.png  used on input line 122.
(pdftex.def)             Requested size: 181.18454pt x 162.28943pt.
LaTeX Info: Redefining \. on input line 131.
LaTeX Info: Redefining \% on input line 131.
 [42 <./2/figures/Convolucion.png>]
<2/figures/Pooling_1.png, id=1141, 830.35219pt x 295.85532pt>
File: 2/figures/Pooling_1.png Graphic file (type png)
<use 2/figures/Pooling_1.png>
Package pdftex.def Info: 2/figures/Pooling_1.png  used on input line 136.
(pdftex.def)             Requested size: 181.18454pt x 64.55566pt.
LaTeX Info: Redefining \. on input line 156.
LaTeX Info: Redefining \% on input line 156.
 [43 <./2/figures/Pooling_1.png>]
<2/figures/ResNet.png, id=1153, 1405.25pt x 452.69125pt>
File: 2/figures/ResNet.png Graphic file (type png)
<use 2/figures/ResNet.png>
Package pdftex.def Info: 2/figures/ResNet.png  used on input line 167.
(pdftex.def)             Requested size: 362.37598pt x 116.7368pt.
LaTeX Info: Redefining \. on input line 175.
LaTeX Info: Redefining \% on input line 175.
 [44 <./2/figures/ResNet.png>]
LaTeX Info: Redefining \. on input line 198.
LaTeX Info: Redefining \% on input line 198.
 [45]
LaTeX Info: Redefining \. on input line 222.
LaTeX Info: Redefining \% on input line 222.
 [46]
<2/figures/eigenfaces.png, id=1189, 393.72093pt x 378.66469pt>
File: 2/figures/eigenfaces.png Graphic file (type png)
<use 2/figures/eigenfaces.png>
Package pdftex.def Info: 2/figures/eigenfaces.png  used on input line 241.
(pdftex.def)             Requested size: 181.18454pt x 174.25142pt.
LaTeX Info: Redefining \. on input line 245.
LaTeX Info: Redefining \% on input line 245.
 [47]
LaTeX Info: Redefining \. on input line 260.
LaTeX Info: Redefining \% on input line 260.
 [48 <./2/figures/eigenfaces.png>]
<2/figures/Kmeans.png, id=1202, 459.21562pt x 407.27156pt>
File: 2/figures/Kmeans.png Graphic file (type png)
<use 2/figures/Kmeans.png>
Package pdftex.def Info: 2/figures/Kmeans.png  used on input line 273.
(pdftex.def)             Requested size: 181.18454pt x 160.69337pt.
LaTeX Info: Redefining \. on input line 286.
LaTeX Info: Redefining \% on input line 286.
 [49 <./2/figures/Kmeans.png>]
<2/figures/Elbow.png, id=1211, 614.295pt x 426.84468pt>
File: 2/figures/Elbow.png Graphic file (type png)
<use 2/figures/Elbow.png>
Package pdftex.def Info: 2/figures/Elbow.png  used on input line 309.
(pdftex.def)             Requested size: 181.18454pt x 125.89854pt.
LaTeX Info: Redefining \. on input line 313.
LaTeX Info: Redefining \% on input line 313.
 [50]) (2/3_conceptos/marc_conceptual.tex
LaTeX Info: Redefining \. on input line 6.
LaTeX Info: Redefining \% on input line 6.
 [51 <./2/figures/Elbow.png>]
LaTeX Info: Redefining \. on input line 15.
LaTeX Info: Redefining \% on input line 15.
 [52]
LaTeX Info: Redefining \. on input line 27.
LaTeX Info: Redefining \% on input line 27.
 [53]
LaTeX Info: Redefining \. on input line 38.
LaTeX Info: Redefining \% on input line 38.
 [54]))
LaTeX Info: Redefining \. on input line 165.
LaTeX Info: Redefining \% on input line 165.
 [55]
\openout2 = `3/metodologia.aux'.

 (3/metodologia.tex
Cap\'{\i }tulo 3.
[56




]
LaTeX Info: Redefining \. on input line 36.
LaTeX Info: Redefining \% on input line 36.
 [57]
Underfull \hbox (badness 2781) in paragraph at lines 44--45
[]|\OT1/ptm/b/n/12 Independiente: Al-go-
 []


Underfull \hbox (badness 10000) in paragraph at lines 46--46
[]|\OT1/ptm/m/n/12 Proceso de agru-pa-
 []


Underfull \hbox (badness 10000) in paragraph at lines 47--48
[]|\OT1/ptm/b/n/12 Dependiente: Crea-
 []


Underfull \hbox (badness 10000) in paragraph at lines 47--48
\OT1/ptm/b/n/12 ci[]on au-tom[]ati-ca de
 []


Underfull \hbox (badness 10000) in paragraph at lines 48--48
[]|\OT1/ptm/m/n/12 Representatividad de
 []


Underfull \hbox (badness 3724) in paragraph at lines 48--48
\OT1/ptm/m/n/12 ve se-lec-cio-na-dos res-
 []

<3/figures/Metodolog√≠a.png, id=1252, 2258.4375pt x 813.0375pt>
File: 3/figures/Metodolog√≠a.png Graphic file (type png)
<use 3/figures/Metodolog√≠a.png>
Package pdftex.def Info: 3/figures/Metodolog√≠a.png  used on input line 63.
(pdftex.def)             Requested size: 407.66867pt x 146.76224pt.
LaTeX Info: Redefining \. on input line 66.
LaTeX Info: Redefining \% on input line 66.
[58]
LaTeX Info: Redefining \. on input line 77.
LaTeX Info: Redefining \% on input line 77.
 [59 <./3/figures/Metodolog√≠a.png (PNG copy)>]
LaTeX Info: Redefining \. on input line 94.
LaTeX Info: Redefining \% on input line 94.
 [60]
LaTeX Info: Redefining \. on input line 112.
LaTeX Info: Redefining \% on input line 112.
 [61]
<3/figures/Gantt.png, id=1271, 1041.1397pt x 520.94624pt>
File: 3/figures/Gantt.png Graphic file (type png)
<use 3/figures/Gantt.png>
Package pdftex.def Info: 3/figures/Gantt.png  used on input line 140.
(pdftex.def)             Requested size: 452.96826pt x 226.64954pt.
LaTeX Info: Redefining \. on input line 144.
LaTeX Info: Redefining \% on input line 144.
 [62]
Underfull \hbox (badness 10000) in paragraph at lines 155--155
[]|\OT1/ptm/b/n/12 Monto
 []


Underfull \hbox (badness 10000) in paragraph at lines 156--156
\OT1/ptm/m/n/12 ca-pa-ci-dad de pro-ce-sa-
 []


Underfull \hbox (badness 10000) in paragraph at lines 159--159
[]|\OT1/ptm/m/n/12 Suministro de energ[]^^Pa
 []

)
LaTeX Info: Redefining \. on input line 166.
LaTeX Info: Redefining \% on input line 166.
 [63 <./3/figures/Gantt.png>]
LaTeX Info: Redefining \. on input line 166.
LaTeX Info: Redefining \% on input line 166.
 [64]
\openout2 = `4/desarrollo.aux'.

 (4/desarrollo.tex
Cap\'{\i }tulo 4.
[65




]
Underfull \hbox (badness 10000) in paragraph at lines 90--91
[]|\OT1/ptm/m/n/12 M[]eto-do de re-duc-ci[]on de di-men-sio-na-li-dad en
 []


Underfull \hbox (badness 2790) in paragraph at lines 90--91
\OT1/cmtt/m/n/12 sklearn.decomposition\OT1/ptm/m/n/12 , que sim-pli-fi-ca con-jun-tos de da-
 []

LaTeX Info: Redefining \. on input line 103.
LaTeX Info: Redefining \% on input line 103.
[66]
LaTeX Info: Redefining \. on input line 110.
LaTeX Info: Redefining \% on input line 110.
 [67]
<4/figures/Extraccion_1.png, id=1301, 970.3753pt x 695.59875pt>
File: 4/figures/Extraccion_1.png Graphic file (type png)
<use 4/figures/Extraccion_1.png>
Package pdftex.def Info: 4/figures/Extraccion_1.png  used on input line 123.
(pdftex.def)             Requested size: 317.0764pt x 227.29814pt.
<4/figures/Extraccion_3.png, id=1302, 526.21594pt x 383.18156pt>
File: 4/figures/Extraccion_3.png Graphic file (type png)
<use 4/figures/Extraccion_3.png>
Package pdftex.def Info: 4/figures/Extraccion_3.png  used on input line 130.
(pdftex.def)             Requested size: 317.0764pt x 230.89882pt.
LaTeX Info: Redefining \. on input line 134.
LaTeX Info: Redefining \% on input line 134.
 [68 <./4/figures/Extraccion_1.png>]
<4/figures/Descarga_1.png, id=1310, 856.70062pt x 239.39438pt>
File: 4/figures/Descarga_1.png Graphic file (type png)
<use 4/figures/Descarga_1.png>
Package pdftex.def Info: 4/figures/Descarga_1.png  used on input line 152.
(pdftex.def)             Requested size: 407.66867pt x 113.91806pt.
LaTeX Info: Redefining \. on input line 156.
LaTeX Info: Redefining \% on input line 156.
 [69 <./4/figures/Extraccion_3.png>]
<4/figures/Guardado_1.png, id=1317, 272.51813pt x 362.85562pt>
File: 4/figures/Guardado_1.png Graphic file (type png)
<use 4/figures/Guardado_1.png>
Package pdftex.def Info: 4/figures/Guardado_1.png  used on input line 176.
(pdftex.def)             Requested size: 181.18454pt x 241.24612pt.
LaTeX Info: Redefining \. on input line 180.
LaTeX Info: Redefining \% on input line 180.
 [70 <./4/figures/Descarga_1.png>]
LaTeX Font Info:    Trying to load font information for OMS+cmtt on input line 193.
LaTeX Font Info:    No file OMScmtt.fd. on input line 193.


LaTeX Font Warning: Font shape `OMS/cmtt/m/n' undefined
(Font)              using `OMS/cmsy/m/n' instead
(Font)              for symbol `textbraceleft' on input line 193.

LaTeX Info: Redefining \. on input line 194.
LaTeX Info: Redefining \% on input line 194.
[71 <./4/figures/Guardado_1.png>]
<4/figures/Etiquetado_1.png, id=1332, 897.3525pt x 501.37312pt>
File: 4/figures/Etiquetado_1.png Graphic file (type png)
<use 4/figures/Etiquetado_1.png>
Package pdftex.def Info: 4/figures/Etiquetado_1.png  used on input line 203.
(pdftex.def)             Requested size: 362.37598pt x 202.46591pt.
LaTeX Info: Redefining \. on input line 216.
LaTeX Info: Redefining \% on input line 216.
 [72 <./4/figures/Etiquetado_1.png>]
<4/figures/Preprocesamiento_1.png, id=1339, 441.5697pt x 560.0925pt>
File: 4/figures/Preprocesamiento_1.png Graphic file (type png)
<use 4/figures/Preprocesamiento_1.png>
Package pdftex.def Info: 4/figures/Preprocesamiento_1.png  used on input line 222.
(pdftex.def)             Requested size: 226.48413pt x 287.27574pt.
<4/figures/Preprocesamiento_2.png, id=1342, 441.5697pt x 591.1686pt>
File: 4/figures/Preprocesamiento_2.png Graphic file (type png)
<use 4/figures/Preprocesamiento_2.png>
Package pdftex.def Info: 4/figures/Preprocesamiento_2.png  used on input line 231.
(pdftex.def)             Requested size: 271.7837pt x 363.8597pt.
LaTeX Info: Redefining \. on input line 235.
LaTeX Info: Redefining \% on input line 235.
 [73 <./4/figures/Preprocesamiento_1.png>]
File: 4/figures/Guardado_1.png Graphic file (type png)
<use 4/figures/Guardado_1.png>
Package pdftex.def Info: 4/figures/Guardado_1.png  used on input line 242.
(pdftex.def)             Requested size: 181.18454pt x 241.24612pt.
LaTeX Info: Redefining \. on input line 246.
LaTeX Info: Redefining \% on input line 246.
 [74 <./4/figures/Preprocesamiento_2.png>]
LaTeX Info: Redefining \. on input line 256.
LaTeX Info: Redefining \% on input line 256.
 [75]
<4/figures/HOG_1.png, id=1360, 853.5087pt x 440.1243pt>
File: 4/figures/HOG_1.png Graphic file (type png)
<use 4/figures/HOG_1.png>
Package pdftex.def Info: 4/figures/HOG_1.png  used on input line 259.
(pdftex.def)             Requested size: 271.7837pt x 140.14421pt.
LaTeX Info: Redefining \. on input line 280.
LaTeX Info: Redefining \% on input line 280.
 [76 <./4/figures/HOG_1.png>]
<4/figures/PCALotes.png, id=1370, 1022.31938pt x 124.96687pt>
File: 4/figures/PCALotes.png Graphic file (type png)
<use 4/figures/PCALotes.png>
Package pdftex.def Info: 4/figures/PCALotes.png  used on input line 294.
(pdftex.def)             Requested size: 362.37598pt x 44.29585pt.
<4/figures/Caracteristicas_1.png, id=1372, 316.93407pt x 175.40532pt>
File: 4/figures/Caracteristicas_1.png Graphic file (type png)
<use 4/figures/Caracteristicas_1.png>
Package pdftex.def Info: 4/figures/Caracteristicas_1.png  used on input line 304.
(pdftex.def)             Requested size: 271.7837pt x 150.42809pt.
LaTeX Info: Redefining \. on input line 307.
LaTeX Info: Redefining \% on input line 307.
 [77 <./4/figures/PCALotes.png>]
LaTeX Info: Redefining \. on input line 320.
LaTeX Info: Redefining \% on input line 320.
 [78 <./4/figures/Caracteristicas_1.png>]
<4/figures/Caracteristicas_2.png, id=1390, 322.20375pt x 169.38281pt>
File: 4/figures/Caracteristicas_2.png Graphic file (type png)
<use 4/figures/Caracteristicas_2.png>
Package pdftex.def Info: 4/figures/Caracteristicas_2.png  used on input line 327.
(pdftex.def)             Requested size: 271.7837pt x 142.88278pt.
<4/figures/Caracteristicas_3.png, id=1392, 818.30719pt x 207.77625pt>
File: 4/figures/Caracteristicas_3.png Graphic file (type png)
<use 4/figures/Caracteristicas_3.png>
Package pdftex.def Info: 4/figures/Caracteristicas_3.png  used on input line 339.
(pdftex.def)             Requested size: 317.0764pt x 80.50928pt.
LaTeX Info: Redefining \. on input line 343.
LaTeX Info: Redefining \% on input line 343.
 [79 <./4/figures/Caracteristicas_2.png>]
LaTeX Info: Redefining \. on input line 363.
LaTeX Info: Redefining \% on input line 363.
 [80 <./4/figures/Caracteristicas_3.png>]
<4/figures/Modelo_4.png, id=1404, 525.46312pt x 356.83313pt>
File: 4/figures/Modelo_4.png Graphic file (type png)
<use 4/figures/Modelo_4.png>
Package pdftex.def Info: 4/figures/Modelo_4.png  used on input line 366.
(pdftex.def)             Requested size: 271.7837pt x 184.56877pt.
<4/figures/KNN_1.png, id=1405, 821.31844pt x 409.53pt>
File: 4/figures/KNN_1.png Graphic file (type png)
<use 4/figures/KNN_1.png>
Package pdftex.def Info: 4/figures/KNN_1.png  used on input line 380.
(pdftex.def)             Requested size: 362.37598pt x 180.68741pt.
LaTeX Info: Redefining \. on input line 384.
LaTeX Info: Redefining \% on input line 384.
 [81 <./4/figures/Modelo_4.png>]
<4/figures/Frames_KM_10.png, id=1413, 1089.31969pt x 423.83344pt>
File: 4/figures/Frames_KM_10.png Graphic file (type png)
<use 4/figures/Frames_KM_10.png>
Package pdftex.def Info: 4/figures/Frames_KM_10.png  used on input line 395.
(pdftex.def)             Requested size: 407.66867pt x 158.61378pt.
LaTeX Info: Redefining \. on input line 399.
LaTeX Info: Redefining \% on input line 399.
 [82 <./4/figures/KNN_1.png>]
<4/figures/Frames_KM_10_N.png, id=1419, 1087.81406pt x 414.04688pt>
File: 4/figures/Frames_KM_10_N.png Graphic file (type png)
<use 4/figures/Frames_KM_10_N.png>
Package pdftex.def Info: 4/figures/Frames_KM_10_N.png  used on input line 402.
(pdftex.def)             Requested size: 407.66867pt x 155.1661pt.
<4/figures/Frames_KM_6.png, id=1422, 737.75626pt x 508.90125pt>
File: 4/figures/Frames_KM_6.png Graphic file (type png)
<use 4/figures/Frames_KM_6.png>
Package pdftex.def Info: 4/figures/Frames_KM_6.png  used on input line 416.
(pdftex.def)             Requested size: 362.37598pt x 249.96172pt.
LaTeX Info: Redefining \. on input line 420.
LaTeX Info: Redefining \% on input line 420.
 [83 <./4/figures/Frames_KM_10.png> <./4/figures/Frames_KM_10_N.png>]
<4/figures/Frames_10.png, id=1429, 741.52031pt x 316.93407pt>
File: 4/figures/Frames_10.png Graphic file (type png)
<use 4/figures/Frames_10.png>
Package pdftex.def Info: 4/figures/Frames_10.png  used on input line 423.
(pdftex.def)             Requested size: 362.37598pt x 154.88315pt.
LaTeX Info: Redefining \. on input line 438.
LaTeX Info: Redefining \% on input line 438.
 [84 <./4/figures/Frames_KM_6.png> <./4/figures/Frames_10.png>]
<4/figures/Clip_1.png, id=1440, 1068.24094pt x 558.58687pt>
File: 4/figures/Clip_1.png Graphic file (type png)
<use 4/figures/Clip_1.png>
Package pdftex.def Info: 4/figures/Clip_1.png  used on input line 448.
(pdftex.def)             Requested size: 362.37598pt x 189.49086pt.
LaTeX Info: Redefining \. on input line 470.
LaTeX Info: Redefining \% on input line 470.
 [85 <./4/figures/Clip_1.png>]
<4/figures/Frames_video.png, id=1448, 1040.38687pt x 472.76625pt>
File: 4/figures/Frames_video.png Graphic file (type png)
<use 4/figures/Frames_video.png>
Package pdftex.def Info: 4/figures/Frames_video.png  used on input line 476.
(pdftex.def)             Requested size: 700.50723pt x 318.31714pt.
)
LaTeX Info: Redefining \. on input line 167.
LaTeX Info: Redefining \% on input line 167.
 [86]
LaTeX Info: Redefining \. on input line 167.
LaTeX Info: Redefining \% on input line 167.
 [87 <./4/figures/Frames_video.png>]
\openout2 = `6/conclusion.aux'.

 (6/conclusion.tex
Cap\'{\i }tulo 5.
[88




]
LaTeX Info: Redefining \. on input line 24.
LaTeX Info: Redefining \% on input line 24.
 [89])
LaTeX Info: Redefining \. on input line 169.
LaTeX Info: Redefining \% on input line 169.
 [90]
Overfull \hbox (14.17203pt too wide) in paragraph at lines 174--174
[][]\OT1/ptm/m/n/12 Goodfellow, I., Ben-gio, Y., & Cour-vi-lle, A. (2016). \OT1/ptm/m/it/12 Deep Lear-ning \OT1/ptm/m/n/12 [[][]$http : / / www . deeplearningbook .
 []

[91



]
LaTeX Info: Redefining \. on input line 180.
LaTeX Info: Redefining \% on input line 180.
 [92] [93


]
\openout2 = `anexos/anexo.aux'.

 (anexos/anexo.tex
Anexos A.
<images_repo/matriz-consistecia.png, id=1498, 1883.035pt x 960.58875pt>
File: images_repo/matriz-consistecia.png Graphic file (type png)
<use images_repo/matriz-consistecia.png>
Package pdftex.def Info: images_repo/matriz-consistecia.png  used on input line 5.
(pdftex.def)             Requested size: 1883.03043pt x 960.5864pt.
[94


]
Overfull \vbox (101.46762pt too high) has occurred while \output is active []

LaTeX Info: Redefining \. on input line 10.
LaTeX Info: Redefining \% on input line 10.
 [95 <./images_repo/matriz-consistecia.png (PNG copy)>]
Anexos B.
<images_repo/arbol_problemas.png, id=1507, 520.19344pt x 657.95813pt>
File: images_repo/arbol_problemas.png Graphic file (type png)
<use images_repo/arbol_problemas.png>
Package pdftex.def Info: images_repo/arbol_problemas.png  used on input line 13.
(pdftex.def)             Requested size: 317.0764pt x 401.04265pt.
[96

 <./images_repo/arbol_problemas.png>]
Anexos C.
<4/figures/Links_tabla.png, id=1514, 559.33969pt x 558.58687pt>
File: 4/figures/Links_tabla.png Graphic file (type png)
<use 4/figures/Links_tabla.png>
Package pdftex.def Info: 4/figures/Links_tabla.png  used on input line 21.
(pdftex.def)             Requested size: 407.66867pt x 407.13431pt.
) [97

 <./4/figures/Links_tabla.png>] (tesis.aux
LaTeX Info: Redefining \sptext on input line 13.
LaTeX Info: Redefining \. on input line 13.
LaTeX Info: Redefining \% on input line 13.
 (0/resumen.aux) (0/abstract.aux) (0/Introduction.aux) (1/planteamiento.aux) (2/marco.aux) (3/metodologia.aux) (4/desarrollo.aux) (6/conclusion.aux) (anexos/anexo.aux))
 ***********
LaTeX2e <2023-11-01> patch level 1
L3 programming layer <2024-01-04>
 ***********


LaTeX Font Warning: Some font shapes were not available, defaults substituted.


LaTeX Warning: There were multiply-defined labels.

Package rerunfilecheck Info: File `tesis.out' has not changed.
(rerunfilecheck)             Checksum: E90841F22C5B4ADD5D299DF0F329FC64;27513.
Package logreq Info: Writing requests to 'tesis.run.xml'.
\openout1 = `tesis.run.xml'.

 ) 
Here is how much of TeX's memory you used:
 31038 strings out of 474486
 603555 string characters out of 5743755
 1952542 words of memory out of 5000000
 52460 multiletter control sequences out of 15000+600000
 593549 words of font info for 104 fonts, out of 8000000 for 9000
 1141 hyphenation exceptions out of 8191
 86i,13n,117p,1385b,3220s stack positions out of 10000i,1000n,20000p,200000b,200000s
<C:/Users/edu08/AppData/Local/Programs/MiKTeX/fonts/type1/public/amsfonts/cm/cmex10.pfb><C:/Users/edu08/AppData/Local/Programs/MiKTeX/fonts/type1/public/amsfonts/cm/cmmi10.pfb><C:/Users/edu08/AppData/Local/Programs/MiKTeX/fonts/type1/public/amsfonts/cm/cmr10.pfb><C:/Users/edu08/AppData/Local/Programs/MiKTeX/fonts/type1/public/amsfonts/cm/cmsy10.pfb><C:/Users/edu08/AppData/Local/Programs/MiKTeX/fonts/type1/public/amsfonts/cm/cmtt12.pfb><C:/Users/edu08/AppData/Local/Programs/MiKTeX/fonts/type1/public/amsfonts/symbols/msbm10.pfb><C:/Users/edu08/AppData/Local/Programs/MiKTeX/fonts/type1/urw/symbol/usyr.pfb><C:/Users/edu08/AppData/Local/Programs/MiKTeX/fonts/type1/urw/symbol/usyr.pfb><C:/Users/edu08/AppData/Local/Programs/MiKTeX/fonts/type1/urw/times/utmb8a.pfb><C:/Users/edu08/AppData/Local/Programs/MiKTeX/fonts/type1/urw/times/utmr8a.pfb><C:/Users/edu08/AppData/Local/Programs/MiKTeX/fonts/type1/urw/times/utmri8a.pfb>
Output written on tesis.pdf (98 pages, 14244684 bytes).
PDF statistics:
 1648 PDF objects out of 1728 (max. 8388607)
 372 named destinations out of 1000 (max. 500000)
 1378 words of extra memory for PDF output out of 10000 (max. 10000000)

