\BOOKMARK [0][-]{chapter*.2}{\376\377\000\315\000n\000d\000i\000c\000e\000\040\000d\000e\000\040\000F\000i\000g\000u\000r\000a\000s}{}% 1
\BOOKMARK [0][-]{chapter*.3}{\376\377\000\315\000n\000d\000i\000c\000e\000\040\000d\000e\000\040\000T\000a\000b\000l\000a\000s}{}% 2
\BOOKMARK [0][-]{chapter.1}{\376\377\000P\000L\000A\000N\000T\000E\000A\000M\000I\000E\000N\000T\000O\000\040\000D\000E\000L\000\040\000P\000R\000O\000B\000L\000E\000M\000A}{}% 3
\BOOKMARK [1][-]{section.1.1}{\376\377\000D\000e\000s\000c\000r\000i\000p\000c\000i\000\363\000n\000\040\000d\000e\000\040\000l\000a\000\040\000R\000e\000a\000l\000i\000d\000a\000d\000\040\000P\000r\000o\000b\000l\000e\000m\000\341\000t\000i\000c\000a}{chapter.1}% 4
\BOOKMARK [2][-]{subsection.1.1.1}{\376\377\000P\000r\000o\000b\000l\000e\000m\000a\000\040\000G\000e\000n\000e\000r\000a\000l}{section.1.1}% 5
\BOOKMARK [2][-]{subsection.1.1.2}{\376\377\000P\000r\000o\000b\000l\000e\000m\000a\000s\000\040\000E\000s\000p\000e\000c\000\355\000f\000i\000c\000o\000s}{section.1.1}% 6
\BOOKMARK [1][-]{section.1.2}{\376\377\000O\000b\000j\000e\000t\000i\000v\000o\000s\000\040\000d\000e\000\040\000l\000a\000\040\000I\000n\000v\000e\000s\000t\000i\000g\000a\000c\000i\000\363\000n}{chapter.1}% 7
\BOOKMARK [2][-]{subsection.1.2.1}{\376\377\000O\000b\000j\000e\000t\000i\000v\000o\000\040\000G\000e\000n\000e\000r\000a\000l}{section.1.2}% 8
\BOOKMARK [2][-]{subsection.1.2.2}{\376\377\000O\000b\000j\000e\000t\000i\000v\000o\000s\000\040\000E\000s\000p\000e\000c\000\355\000f\000i\000c\000o\000s}{section.1.2}% 9
\BOOKMARK [1][-]{section.1.3}{\376\377\000J\000u\000s\000t\000i\000f\000i\000c\000a\000c\000i\000\363\000n\000\040\000d\000e\000\040\000l\000a\000\040\000I\000n\000v\000e\000s\000t\000i\000g\000a\000c\000i\000\363\000n}{chapter.1}% 10
\BOOKMARK [2][-]{subsection.1.3.1}{\376\377\000T\000e\000\363\000r\000i\000c\000a}{section.1.3}% 11
\BOOKMARK [2][-]{subsection.1.3.2}{\376\377\000P\000r\000\341\000c\000t\000i\000c\000a}{section.1.3}% 12
\BOOKMARK [2][-]{subsection.1.3.3}{\376\377\000M\000e\000t\000o\000d\000o\000l\000\363\000g\000i\000c\000a}{section.1.3}% 13
\BOOKMARK [1][-]{section.1.4}{\376\377\000D\000e\000l\000i\000m\000i\000t\000a\000c\000i\000\363\000n\000\040\000d\000e\000l\000\040\000E\000s\000t\000u\000d\000i\000o}{chapter.1}% 14
\BOOKMARK [2][-]{subsection.1.4.1}{\376\377\000E\000s\000p\000a\000c\000i\000a\000l}{section.1.4}% 15
\BOOKMARK [2][-]{subsection.1.4.2}{\376\377\000T\000e\000m\000p\000o\000r\000a\000l}{section.1.4}% 16
\BOOKMARK [2][-]{subsection.1.4.3}{\376\377\000C\000o\000n\000c\000e\000p\000t\000u\000a\000l}{section.1.4}% 17
\BOOKMARK [1][-]{section.1.5}{\376\377\000H\000i\000p\000\363\000t\000e\000s\000i\000s}{chapter.1}% 18
\BOOKMARK [2][-]{subsection.1.5.1}{\376\377\000H\000i\000p\000\363\000t\000e\000s\000i\000s\000\040\000G\000e\000n\000e\000r\000a\000l}{section.1.5}% 19
\BOOKMARK [2][-]{subsection.1.5.2}{\376\377\000H\000i\000p\000\363\000t\000e\000s\000i\000s\000\040\000E\000s\000p\000e\000c\000\355\000f\000i\000c\000a\000s}{section.1.5}% 20
\BOOKMARK [2][-]{subsection.1.5.3}{\376\377\000M\000a\000t\000r\000i\000z\000\040\000d\000e\000\040\000C\000o\000n\000s\000i\000s\000t\000e\000n\000c\000i\000a}{section.1.5}% 21
\BOOKMARK [0][-]{chapter.2}{\376\377\000M\000A\000R\000C\000O\000\040\000T\000E\000\323\000R\000I\000C\000O}{}% 22
\BOOKMARK [1][-]{section.2.1}{\376\377\000A\000n\000t\000e\000c\000e\000d\000e\000n\000t\000e\000s\000\040\000d\000e\000\040\000l\000a\000\040\000i\000n\000v\000e\000s\000t\000i\000g\000a\000c\000i\000\363\000n}{chapter.2}% 23
\BOOKMARK [2][-]{subsection.2.1.1}{\376\377\000E\000f\000f\000i\000c\000i\000e\000n\000t\000\040\000V\000i\000d\000e\000o\000\040\000C\000l\000a\000s\000s\000i\000f\000i\000c\000a\000t\000i\000o\000n\000\040\000U\000s\000i\000n\000g\000\040\000F\000e\000w\000e\000r\000\040\000F\000r\000a\000m\000e\000s}{section.2.1}% 24
\BOOKMARK [3][-]{subsubsection.2.1.1.1}{\376\377\000P\000l\000a\000n\000t\000e\000a\000m\000i\000e\000n\000t\000o\000\040\000d\000e\000l\000\040\000p\000r\000o\000b\000l\000e\000m\000a}{subsection.2.1.1}% 25
\BOOKMARK [3][-]{subsubsection.2.1.1.2}{\376\377\000O\000b\000j\000e\000t\000i\000v\000o\000s}{subsection.2.1.1}% 26
\BOOKMARK [3][-]{subsubsection.2.1.1.3}{\376\377\000M\000e\000t\000o\000d\000o\000l\000o\000g\000\355\000a}{subsection.2.1.1}% 27
\BOOKMARK [3][-]{subsubsection.2.1.1.4}{\376\377\000R\000e\000s\000u\000l\000t\000a\000d\000o\000s}{subsection.2.1.1}% 28
\BOOKMARK [2][-]{subsection.2.1.2}{\376\377\000A\000n\000\040\000i\000m\000p\000r\000o\000v\000e\000d\000\040\000d\000e\000e\000p\000\040\000c\000o\000n\000v\000o\000l\000u\000t\000i\000o\000n\000a\000l\000\040\000n\000e\000u\000r\000a\000l\000\040\000n\000e\000t\000w\000o\000r\000k\000-\000b\000a\000s\000e\000d\000\040\000Y\000o\000u\000T\000u\000b\000e\000\040\000v\000i\000d\000e\000o\000\040\000c\000l\000a\000s\000s\000i\000f\000i\000c\000a\000t\000i\000o\000n\000\040\000u\000s\000i\000n\000g\000\040\000t\000e\000x\000t\000u\000a\000l\000\040\000f\000e\000a\000t\000u\000r\000e\000s}{section.2.1}% 29
\BOOKMARK [3][-]{subsubsection.2.1.2.1}{\376\377\000P\000l\000a\000n\000t\000e\000a\000m\000i\000e\000n\000t\000o\000\040\000d\000e\000l\000\040\000p\000r\000o\000b\000l\000e\000m\000a}{subsection.2.1.2}% 30
\BOOKMARK [3][-]{subsubsection.2.1.2.2}{\376\377\000O\000b\000j\000e\000t\000i\000v\000o\000s}{subsection.2.1.2}% 31
\BOOKMARK [3][-]{subsubsection.2.1.2.3}{\376\377\000F\000u\000n\000d\000a\000m\000e\000n\000t\000o\000\040\000T\000e\000\363\000r\000i\000c\000o}{subsection.2.1.2}% 32
\BOOKMARK [3][-]{subsubsection.2.1.2.4}{\376\377\000M\000e\000t\000o\000d\000o\000l\000o\000g\000\355\000a\000:\000\040}{subsection.2.1.2}% 33
\BOOKMARK [3][-]{subsubsection.2.1.2.5}{\376\377\000R\000e\000s\000u\000l\000t\000a\000d\000o\000s\000:\000\040}{subsection.2.1.2}% 34
\BOOKMARK [2][-]{subsection.2.1.3}{\376\377\000T\000V\000\040\000N\000e\000w\000s\000\040\000D\000a\000t\000a\000b\000a\000s\000e\000\040\000I\000n\000d\000e\000x\000i\000n\000g\000\040\000S\000y\000s\000t\000e\000m\000\040\000w\000i\000t\000h\000\040\000V\000i\000d\000e\000o\000\040\000S\000t\000r\000u\000c\000t\000u\000r\000e\000\040\000A\000n\000a\000l\000y\000s\000i\000s\000,\000\040\000R\000e\000p\000r\000e\000s\000e\000n\000t\000a\000t\000i\000v\000e\000\040\000I\000m\000a\000g\000e\000s\000\040\000E\000x\000t\000r\000a\000c\000t\000i\000o\000n\000s\000\040\000a\000n\000d\000\040\000O\000C\000R\000\040\000f\000o\000r\000\040\000N\000e\000w\000s\000\040\000T\000i\000t\000l\000e\000s}{section.2.1}% 35
\BOOKMARK [3][-]{subsubsection.2.1.3.1}{\376\377\000P\000l\000a\000n\000t\000e\000a\000m\000i\000e\000n\000t\000o\000\040\000d\000e\000l\000\040\000P\000r\000o\000b\000l\000e\000m\000a}{subsection.2.1.3}% 36
\BOOKMARK [3][-]{subsubsection.2.1.3.2}{\376\377\000O\000b\000j\000e\000t\000i\000v\000o\000s}{subsection.2.1.3}% 37
\BOOKMARK [3][-]{subsubsection.2.1.3.3}{\376\377\000F\000u\000n\000d\000a\000m\000e\000n\000t\000o\000\040\000T\000e\000\363\000r\000i\000c\000o}{subsection.2.1.3}% 38
\BOOKMARK [3][-]{subsubsection.2.1.3.4}{\376\377\000M\000e\000t\000o\000d\000o\000l\000o\000g\000\355\000a\000\040}{subsection.2.1.3}% 39
\BOOKMARK [3][-]{subsubsection.2.1.3.5}{\376\377\000R\000e\000s\000u\000l\000t\000a\000d\000o\000s\000:\000\040}{subsection.2.1.3}% 40
\BOOKMARK [2][-]{subsection.2.1.4}{\376\377\000S\000h\000e\000a\000r\000\040\000D\000e\000t\000e\000c\000t\000i\000o\000n\000\040\000a\000n\000d\000\040\000K\000e\000y\000\040\000F\000r\000a\000m\000e\000\040\000E\000x\000t\000r\000a\000c\000t\000i\000o\000n\000\040\000o\000f\000\040\000S\000p\000o\000r\000t\000s\000\040\000V\000i\000d\000e\000o\000\040\000B\000a\000s\000e\000d\000\040\000o\000n\000\040\000M\000a\000c\000h\000i\000n\000e\000\040\000L\000e\000a\000r\000n\000i\000n\000g}{section.2.1}% 41
\BOOKMARK [3][-]{subsubsection.2.1.4.1}{\376\377\000P\000l\000a\000n\000t\000e\000a\000m\000i\000e\000n\000t\000o\000\040\000d\000e\000l\000\040\000P\000r\000o\000b\000l\000e\000m\000a}{subsection.2.1.4}% 42
\BOOKMARK [3][-]{subsubsection.2.1.4.2}{\376\377\000O\000b\000j\000e\000t\000i\000v\000o\000s}{subsection.2.1.4}% 43
\BOOKMARK [3][-]{subsubsection.2.1.4.3}{\376\377\000F\000u\000n\000d\000a\000m\000e\000n\000t\000o\000\040\000T\000e\000\363\000r\000i\000c\000o}{subsection.2.1.4}% 44
\BOOKMARK [3][-]{subsubsection.2.1.4.4}{\376\377\000M\000e\000t\000o\000d\000o\000l\000o\000g\000\355\000a}{subsection.2.1.4}% 45
\BOOKMARK [3][-]{subsubsection.2.1.4.5}{\376\377\000R\000e\000s\000u\000l\000t\000a\000d\000o\000s}{subsection.2.1.4}% 46
\BOOKMARK [2][-]{subsection.2.1.5}{\376\377\000R\000e\000s\000e\000a\000r\000c\000h\000\040\000o\000n\000\040\000K\000e\000y\000\040\000F\000r\000a\000m\000e\000\040\000E\000x\000t\000r\000a\000c\000t\000i\000o\000n\000\040\000o\000f\000\040\000D\000i\000g\000i\000t\000a\000l\000\040\000I\000m\000a\000g\000e\000\040\000B\000a\000s\000e\000d\000\040\000o\000n\000\040\000U\000n\000s\000u\000p\000e\000r\000v\000i\000s\000e\000d\000\040\000C\000l\000u\000s\000t\000e\000r\000i\000n\000g\000\040\000A\000l\000g\000o\000r\000i\000t\000h\000m}{section.2.1}% 47
\BOOKMARK [3][-]{subsubsection.2.1.5.1}{\376\377\000P\000l\000a\000n\000t\000e\000a\000m\000i\000e\000n\000t\000o\000\040\000d\000e\000l\000\040\000P\000r\000o\000b\000l\000e\000m\000a}{subsection.2.1.5}% 48
\BOOKMARK [3][-]{subsubsection.2.1.5.2}{\376\377\000O\000b\000j\000e\000t\000i\000v\000o\000s}{subsection.2.1.5}% 49
\BOOKMARK [3][-]{subsubsection.2.1.5.3}{\376\377\000F\000u\000n\000d\000a\000m\000e\000n\000t\000o\000\040\000T\000e\000\363\000r\000i\000c\000o}{subsection.2.1.5}% 50
\BOOKMARK [3][-]{subsubsection.2.1.5.4}{\376\377\000M\000e\000t\000o\000d\000o\000l\000o\000g\000\355\000a}{subsection.2.1.5}% 51
\BOOKMARK [3][-]{subsubsection.2.1.5.5}{\376\377\000R\000e\000s\000u\000l\000t\000a\000d\000o\000s}{subsection.2.1.5}% 52
\BOOKMARK [2][-]{subsection.2.1.6}{\376\377\000N\000e\000w\000s\000V\000i\000d\000e\000o\000\040\000S\000u\000m\000m\000a\000r\000i\000z\000a\000t\000i\000o\000n\000\040\000C\000o\000m\000b\000i\000n\000i\000n\000g\000\040\000S\000U\000R\000F\000\040\000a\000n\000d\000\040\000C\000o\000l\000o\000r\000\040\000H\000i\000s\000t\000o\000g\000r\000a\000m\000\040\000F\000e\000a\000t\000u\000r\000e\000s}{section.2.1}% 53
\BOOKMARK [3][-]{subsubsection.2.1.6.1}{\376\377\000P\000l\000a\000n\000t\000e\000a\000m\000i\000e\000n\000t\000o\000\040\000d\000e\000l\000\040\000P\000r\000o\000b\000l\000e\000m\000a}{subsection.2.1.6}% 54
\BOOKMARK [3][-]{subsubsection.2.1.6.2}{\376\377\000O\000b\000j\000e\000t\000i\000v\000o\000s}{subsection.2.1.6}% 55
\BOOKMARK [3][-]{subsubsection.2.1.6.3}{\376\377\000F\000u\000n\000d\000a\000m\000e\000n\000t\000o\000\040\000T\000e\000\363\000r\000i\000c\000o}{subsection.2.1.6}% 56
\BOOKMARK [3][-]{subsubsection.2.1.6.4}{\376\377\000M\000e\000t\000o\000d\000o\000l\000o\000g\000\355\000a\000\040}{subsection.2.1.6}% 57
\BOOKMARK [3][-]{subsubsection.2.1.6.5}{\376\377\000R\000e\000s\000u\000l\000t\000a\000d\000o\000s\000:}{subsection.2.1.6}% 58
\BOOKMARK [1][-]{section.2.2}{\376\377\000B\000a\000s\000e\000s\000\040\000T\000e\000\363\000r\000i\000c\000a\000s}{chapter.2}% 59
\BOOKMARK [2][-]{subsection.2.2.1}{\376\377\000I\000m\000a\000g\000e\000n\000\040\000D\000i\000g\000i\000t\000a\000l}{section.2.2}% 60
\BOOKMARK [2][-]{subsection.2.2.2}{\376\377\000V\000i\000d\000e\000o}{section.2.2}% 61
\BOOKMARK [3][-]{subsubsection.2.2.2.1}{\376\377\000P\000r\000e\000p\000r\000o\000c\000e\000s\000a\000m\000i\000e\000n\000t\000o\000\040\000d\000e\000\040\000I\000m\000\341\000g\000e\000n\000e\000s}{subsection.2.2.2}% 62
\BOOKMARK [3][-]{subsubsection.2.2.2.2}{\376\377\000E\000x\000t\000r\000a\000c\000c\000i\000\363\000n\000\040\000d\000e\000\040\000C\000a\000r\000a\000c\000t\000e\000r\000\355\000s\000t\000i\000c\000a\000s}{subsection.2.2.2}% 63
\BOOKMARK [2][-]{subsection.2.2.3}{\376\377\000D\000e\000e\000p\000\040\000L\000e\000a\000r\000n\000i\000n\000g}{section.2.2}% 64
\BOOKMARK [3][-]{subsubsection.2.2.3.1}{\376\377\000R\000e\000d\000e\000s\000\040\000N\000e\000u\000r\000o\000n\000a\000l\000e\000s\000\040\000C\000o\000n\000v\000o\000l\000u\000c\000i\000o\000n\000a\000l\000e\000s\000\040\000\050\000C\000N\000N\000s\000\051}{subsection.2.2.3}% 65
\BOOKMARK [3][-]{subsubsection.2.2.3.2}{\376\377\000R\000e\000s\000N\000e\000t\0005\0000}{subsection.2.2.3}% 66
\BOOKMARK [2][-]{subsection.2.2.4}{\376\377\000A\000n\000\341\000l\000i\000s\000i\000s\000\040\000d\000e\000\040\000C\000o\000m\000p\000o\000n\000e\000n\000t\000e\000s\000\040\000P\000r\000i\000n\000c\000i\000p\000a\000l\000e\000s\000\040\000\050\000P\000C\000A\000\051}{section.2.2}% 67
\BOOKMARK [3][-]{subsubsection.2.2.4.1}{\376\377\000F\000u\000n\000c\000i\000o\000n\000a\000m\000i\000e\000n\000t\000o\000\040\000d\000e\000\040\000P\000C\000A}{subsection.2.2.4}% 68
\BOOKMARK [3][-]{subsubsection.2.2.4.2}{\376\377\000P\000C\000A\000\040\000e\000n\000\040\000I\000m\000\341\000g\000e\000n\000e\000s}{subsection.2.2.4}% 69
\BOOKMARK [2][-]{subsection.2.2.5}{\376\377\000C\000l\000u\000s\000t\000e\000r\000i\000n\000g}{section.2.2}% 70
\BOOKMARK [3][-]{subsubsection.2.2.5.1}{\376\377\000K\000-\000m\000e\000a\000n\000s}{subsection.2.2.5}% 71
\BOOKMARK [2][-]{subsection.2.2.6}{\376\377\000I\000n\000e\000r\000c\000i\000a\000\040\000e\000n\000\040\000c\000l\000u\000s\000t\000e\000r\000i\000n\000g}{section.2.2}% 72
\BOOKMARK [3][-]{subsubsection.2.2.6.1}{\376\377\000D\000e\000f\000i\000n\000i\000c\000i\000\363\000n\000\040\000d\000e\000\040\000i\000n\000e\000r\000c\000i\000a}{subsection.2.2.6}% 73
\BOOKMARK [3][-]{subsubsection.2.2.6.2}{\376\377\000O\000p\000t\000i\000m\000i\000z\000a\000c\000i\000\363\000n\000\040\000d\000e\000\040\000c\000l\000u\000s\000t\000e\000r\000s\000\040\000m\000e\000d\000i\000a\000n\000t\000e\000\040\000I\000n\000e\000r\000c\000i\000a\000\050\000M\000\351\000t\000o\000d\000o\000\040\000d\000e\000l\000\040\000c\000o\000d\000o\000\051}{subsection.2.2.6}% 74
\BOOKMARK [1][-]{section.2.3}{\376\377\000M\000a\000r\000c\000o\000\040\000C\000o\000n\000c\000e\000p\000t\000u\000a\000l}{chapter.2}% 75
\BOOKMARK [2][-]{subsection.2.3.1}{\376\377\000S\000c\000r\000a\000p\000i\000n\000g}{section.2.3}% 76
\BOOKMARK [2][-]{subsection.2.3.2}{\376\377\000A\000u\000t\000o\000m\000a\000t\000i\000z\000a\000c\000i\000\363\000n}{section.2.3}% 77
\BOOKMARK [2][-]{subsection.2.3.3}{\376\377\000C\000u\000r\000a\000d\000u\000r\000\355\000a\000\040\000d\000e\000\040\000c\000o\000n\000t\000e\000n\000i\000d\000o}{section.2.3}% 78
\BOOKMARK [2][-]{subsection.2.3.4}{\376\377\000P\000r\000e\000p\000r\000o\000c\000e\000s\000a\000m\000i\000e\000n\000t\000o\000\040\000d\000e\000\040\000d\000a\000t\000o\000s}{section.2.3}% 79
\BOOKMARK [2][-]{subsection.2.3.5}{\376\377\000E\000x\000t\000r\000a\000c\000c\000i\000\363\000n\000\040\000d\000e\000\040\000c\000a\000r\000a\000c\000t\000e\000r\000\355\000s\000t\000i\000c\000a\000s}{section.2.3}% 80
\BOOKMARK [2][-]{subsection.2.3.6}{\376\377\000C\000l\000u\000s\000t\000e\000r\000i\000n\000g}{section.2.3}% 81
\BOOKMARK [2][-]{subsection.2.3.7}{\376\377\000R\000e\000d\000u\000c\000c\000i\000\363\000n\000\040\000d\000e\000\040\000d\000i\000m\000e\000n\000s\000i\000o\000n\000a\000l\000i\000d\000a\000d}{section.2.3}% 82
\BOOKMARK [2][-]{subsection.2.3.8}{\376\377\000E\000v\000a\000l\000u\000a\000c\000i\000\363\000n\000\040\000d\000e\000\040\000c\000l\000u\000s\000t\000e\000r\000s}{section.2.3}% 83
\BOOKMARK [2][-]{subsection.2.3.9}{\376\377\000S\000e\000l\000e\000c\000c\000i\000\363\000n\000\040\000d\000e\000\040\000f\000r\000a\000m\000e\000s\000\040\000c\000l\000a\000v\000e}{section.2.3}% 84
\BOOKMARK [2][-]{subsection.2.3.10}{\376\377\000M\000e\000t\000a\000d\000a\000t\000o\000s}{section.2.3}% 85
\BOOKMARK [2][-]{subsection.2.3.11}{\376\377\000E\000t\000i\000q\000u\000e\000t\000a\000d\000o\000\040\000d\000e\000\040\000d\000a\000t\000o\000s}{section.2.3}% 86
\BOOKMARK [2][-]{subsection.2.3.12}{\376\377\000C\000o\000n\000c\000a\000t\000e\000n\000a\000c\000i\000\363\000n\000\040\000d\000e\000\040\000c\000a\000r\000a\000c\000t\000e\000r\000\355\000s\000t\000i\000c\000a\000s}{section.2.3}% 87
\BOOKMARK [2][-]{subsection.2.3.13}{\376\377\000E\000x\000t\000r\000a\000c\000c\000i\000\363\000n\000\040\000d\000e\000\040\000F\000r\000a\000m\000e\000s}{section.2.3}% 88
\BOOKMARK [2][-]{subsection.2.3.14}{\376\377\000A\000p\000l\000i\000c\000a\000c\000i\000\363\000n\000\040\000d\000e\000\040\000L\000\355\000n\000e\000a\000\040\000d\000e\000\040\000C\000o\000m\000a\000n\000d\000o}{section.2.3}% 89
\BOOKMARK [2][-]{subsection.2.3.15}{\376\377\000D\000a\000t\000a\000F\000r\000a\000m\000e}{section.2.3}% 90
\BOOKMARK [2][-]{subsection.2.3.16}{\376\377\000C\000o\000n\000c\000a\000t\000e\000n\000a\000c\000i\000\363\000n\000\040\000d\000e\000\040\000V\000i\000d\000e\000o\000s}{section.2.3}% 91
\BOOKMARK [0][-]{chapter.3}{\376\377\000M\000E\000T\000O\000D\000O\000L\000O\000G\000\315\000A\000\040\000D\000E\000\040\000L\000A\000\040\000I\000N\000V\000E\000S\000T\000I\000G\000A\000C\000I\000\323\000N}{}% 92
\BOOKMARK [1][-]{section.3.1}{\376\377\000D\000i\000s\000e\000\361\000o\000\040\000d\000e\000\040\000l\000a\000\040\000i\000n\000v\000e\000s\000t\000i\000g\000a\000c\000i\000\363\000n}{chapter.3}% 93
\BOOKMARK [2][-]{subsection.3.1.1}{\376\377\000A\000l\000c\000a\000n\000c\000e\000\040\000d\000e\000\040\000l\000a\000\040\000i\000n\000v\000e\000s\000t\000i\000g\000a\000c\000i\000\363\000n}{section.3.1}% 94
\BOOKMARK [2][-]{subsection.3.1.2}{\376\377\000T\000i\000p\000o\000\040\000d\000e\000\040\000i\000n\000v\000e\000s\000t\000i\000g\000a\000c\000i\000\363\000n}{section.3.1}% 95
\BOOKMARK [2][-]{subsection.3.1.3}{\376\377\000E\000n\000f\000o\000q\000u\000e\000\040\000d\000e\000\040\000i\000n\000v\000e\000s\000t\000i\000g\000a\000c\000i\000\363\000n}{section.3.1}% 96
\BOOKMARK [1][-]{section.3.2}{\376\377\000P\000o\000b\000l\000a\000c\000i\000\363\000n\000\040\000y\000\040\000m\000u\000e\000s\000t\000r\000a}{chapter.3}% 97
\BOOKMARK [1][-]{section.3.3}{\376\377\000O\000p\000e\000r\000a\000c\000i\000o\000n\000a\000l\000i\000z\000a\000c\000i\000\363\000n\000\040\000d\000e\000\040\000v\000a\000r\000i\000a\000b\000l\000e\000s}{chapter.3}% 98
\BOOKMARK [1][-]{section.3.4}{\376\377\000T\000\351\000c\000n\000i\000c\000a\000s\000\040\000d\000e\000\040\000r\000e\000c\000o\000l\000e\000c\000c\000i\000\363\000n}{chapter.3}% 99
\BOOKMARK [1][-]{section.3.5}{\376\377\000T\000\351\000c\000n\000i\000c\000a\000s\000\040\000p\000a\000r\000a\000\040\000e\000l\000\040\000p\000r\000o\000c\000e\000s\000a\000m\000i\000e\000n\000t\000o\000\040\000y\000\040\000a\000n\000\341\000l\000i\000s\000i\000s\000\040\000d\000e\000\040\000l\000a\000\040\000i\000n\000f\000o\000r\000m\000a\000c\000i\000\363\000n}{chapter.3}% 100
\BOOKMARK [2][-]{subsection.3.5.1}{\376\377\000M\000e\000t\000o\000d\000o\000l\000o\000g\000\355\000a\000\040\000d\000e\000\040\000l\000a\000\040\000i\000m\000p\000l\000e\000m\000e\000n\000t\000a\000c\000i\000\363\000n\000\040\000d\000e\000\040\000l\000a\000\040\000s\000o\000l\000u\000c\000i\000\363\000n}{section.3.5}% 101
\BOOKMARK [3][-]{subsubsection.3.5.1.1}{\376\377\000R\000e\000c\000o\000l\000e\000c\000c\000i\000\363\000n\000\040\000d\000e\000\040\000d\000a\000t\000o\000s}{subsection.3.5.1}% 102
\BOOKMARK [3][-]{subsubsection.3.5.1.2}{\376\377\000P\000r\000e\000p\000r\000o\000c\000e\000s\000a\000m\000i\000e\000n\000t\000o\000\040\000d\000e\000\040\000d\000a\000t\000o\000s}{subsection.3.5.1}% 103
\BOOKMARK [3][-]{subsubsection.3.5.1.3}{\376\377\000E\000x\000t\000r\000a\000c\000c\000i\000\363\000n\000\040\000d\000e\000\040\000C\000a\000r\000a\000c\000t\000e\000r\000\355\000s\000t\000i\000c\000a\000s}{subsection.3.5.1}% 104
\BOOKMARK [3][-]{subsubsection.3.5.1.4}{\376\377\000C\000l\000a\000s\000i\000f\000i\000c\000a\000c\000i\000\363\000n\000\040\000d\000e\000\040\000d\000a\000t\000o\000s}{subsection.3.5.1}% 105
\BOOKMARK [3][-]{subsubsection.3.5.1.5}{\376\377\000C\000r\000e\000a\000c\000i\000\363\000n\000\040\000d\000e\000\040\000c\000l\000i\000p\000s\000\040\000i\000n\000f\000o\000r\000m\000a\000t\000i\000v\000o\000s}{subsection.3.5.1}% 106
\BOOKMARK [2][-]{subsection.3.5.2}{\376\377\000M\000e\000t\000o\000d\000o\000l\000o\000g\000\355\000a\000\040\000p\000a\000r\000a\000\040\000l\000a\000\040\000m\000e\000d\000i\000c\000i\000\363\000n\000\040\000d\000e\000\040\000r\000e\000s\000u\000l\000t\000a\000d\000o\000s}{section.3.5}% 107
\BOOKMARK [1][-]{section.3.6}{\376\377\000C\000r\000o\000n\000o\000g\000r\000a\000m\000a\000\040\000d\000e\000\040\000A\000c\000t\000i\000v\000i\000d\000a\000d\000e\000s}{chapter.3}% 108
\BOOKMARK [1][-]{section.3.7}{\376\377\000P\000r\000e\000s\000u\000p\000u\000e\000s\000t\000o}{chapter.3}% 109
\BOOKMARK [0][-]{chapter.4}{\376\377\000D\000E\000S\000A\000R\000R\000O\000L\000L\000O\000\040\000D\000E\000\040\000L\000A\000\040\000S\000O\000L\000U\000C\000I\000\323\000N}{}% 110
\BOOKMARK [1][-]{section.4.1}{\376\377\000E\000q\000u\000i\000p\000o\000\040\000u\000t\000i\000l\000i\000z\000a\000d\000o}{chapter.4}% 111
\BOOKMARK [1][-]{section.4.2}{\376\377\000E\000s\000p\000e\000c\000i\000f\000i\000c\000a\000c\000i\000o\000n\000e\000s\000\040\000d\000e\000\040\000P\000y\000t\000h\000o\000n}{chapter.4}% 112
\BOOKMARK [1][-]{section.4.3}{\376\377\000L\000i\000b\000r\000e\000r\000\355\000a\000s}{chapter.4}% 113
\BOOKMARK [1][-]{section.4.4}{\376\377\000E\000x\000t\000r\000a\000c\000c\000i\000\363\000n\000\040\000d\000e\000\040\000d\000a\000t\000o\000s}{chapter.4}% 114
\BOOKMARK [2][-]{subsection.4.4.1}{\376\377\000A\000u\000t\000o\000m\000a\000t\000i\000z\000a\000c\000i\000\363\000n\000\040\000d\000e\000\040\000l\000a\000\040\000b\000\372\000s\000q\000u\000e\000d\000a\000\040\000d\000e\000\040\000v\000i\000d\000e\000o\000s\000\040\000e\000n\000\040\000Y\000o\000u\000T\000u\000b\000e}{section.4.4}% 115
\BOOKMARK [2][-]{subsection.4.4.2}{\376\377\000D\000e\000s\000c\000a\000r\000g\000a\000\040\000d\000e\000\040\000v\000i\000d\000e\000o\000s}{section.4.4}% 116
\BOOKMARK [2][-]{subsection.4.4.3}{\376\377\000O\000r\000g\000a\000n\000i\000z\000a\000c\000i\000\363\000n\000\040\000d\000e\000\040\000v\000i\000d\000e\000o\000s}{section.4.4}% 117
\BOOKMARK [1][-]{section.4.5}{\376\377\000P\000r\000e\000p\000r\000o\000c\000e\000s\000a\000m\000i\000e\000n\000t\000o\000\040\000d\000e\000\040\000d\000a\000t\000o\000s}{chapter.4}% 118
\BOOKMARK [2][-]{subsection.4.5.1}{\376\377\000E\000x\000t\000r\000a\000c\000c\000i\000\363\000n\000\040\000d\000e\000\040\000f\000r\000a\000m\000e\000s}{section.4.5}% 119
\BOOKMARK [2][-]{subsection.4.5.2}{\376\377\000E\000t\000i\000q\000u\000e\000t\000a\000d\000o\000\040\000d\000e\000\040\000f\000r\000a\000m\000e\000s}{section.4.5}% 120
\BOOKMARK [2][-]{subsection.4.5.3}{\376\377\000O\000p\000e\000r\000a\000c\000i\000o\000n\000e\000s\000\040\000s\000o\000b\000r\000e\000\040\000l\000o\000s\000\040\000f\000r\000a\000m\000e\000s}{section.4.5}% 121
\BOOKMARK [2][-]{subsection.4.5.4}{\376\377\000G\000u\000a\000r\000d\000a\000d\000o\000\040\000d\000e\000\040\000f\000r\000a\000m\000e\000s}{section.4.5}% 122
\BOOKMARK [2][-]{subsection.4.5.5}{\376\377\000H\000O\000G\000\040\000\050\000H\000i\000s\000t\000o\000g\000r\000a\000m\000\040\000o\000f\000\040\000O\000r\000i\000e\000n\000t\000e\000d\000\040\000G\000r\000a\000d\000i\000e\000n\000t\000s\000\051}{section.4.5}% 123
\BOOKMARK [3][-]{subsubsection.4.5.5.1}{\376\377\000R\000e\000d\000u\000c\000c\000i\000\363\000n\000\040\000d\000e\000\040\000d\000i\000m\000e\000n\000s\000i\000o\000n\000a\000l\000i\000d\000a\000d\000\040\000c\000o\000n\000\040\000P\000C\000A}{subsection.4.5.5}% 124
\BOOKMARK [3][-]{subsubsection.4.5.5.2}{\376\377\000P\000r\000o\000c\000e\000s\000a\000m\000i\000e\000n\000t\000o\000\040\000p\000o\000r\000\040\000l\000o\000t\000e\000s}{subsection.4.5.5}% 125
\BOOKMARK [2][-]{subsection.4.5.6}{\376\377\000E\000x\000t\000r\000a\000c\000c\000i\000\363\000n\000\040\000d\000e\000\040\000c\000a\000r\000a\000c\000t\000e\000r\000\355\000s\000t\000i\000c\000a\000s\000\040\000c\000o\000n\000\040\000C\000N\000N}{section.4.5}% 126
\BOOKMARK [3][-]{subsubsection.4.5.6.1}{\376\377\000R\000e\000d\000u\000c\000c\000i\000\363\000n\000\040\000d\000e\000\040\000d\000i\000m\000e\000n\000s\000i\000o\000n\000a\000l\000i\000d\000a\000d\000\040\000c\000o\000n\000\040\000P\000C\000A\000\040\000y\000\040\000p\000r\000o\000c\000e\000s\000a\000m\000i\000e\000n\000t\000o\000\040\000p\000o\000r\000\040\000l\000o\000t\000e\000s}{subsection.4.5.6}% 127
\BOOKMARK [2][-]{subsection.4.5.7}{\376\377\000C\000o\000n\000c\000a\000t\000e\000n\000a\000c\000i\000\363\000n\000\040\000d\000e\000\040\000c\000a\000r\000a\000c\000t\000e\000r\000\355\000s\000t\000i\000c\000a\000s}{section.4.5}% 128
\BOOKMARK [1][-]{section.4.6}{\376\377\000C\000l\000a\000s\000i\000f\000i\000c\000a\000c\000i\000\363\000n\000\040\000d\000e\000\040\000d\000a\000t\000o\000s}{chapter.4}% 129
\BOOKMARK [2][-]{subsection.4.6.1}{\376\377\000M\000\351\000t\000o\000d\000o\000\040\000d\000e\000l\000\040\000c\000o\000d\000o}{section.4.6}% 130
\BOOKMARK [2][-]{subsection.4.6.2}{\376\377\000A\000p\000l\000i\000c\000a\000c\000i\000\363\000n\000\040\000d\000e\000\040\000K\000-\000m\000e\000a\000n\000s}{section.4.6}% 131
\BOOKMARK [2][-]{subsection.4.6.3}{\376\377\000E\000x\000p\000l\000o\000r\000a\000c\000i\000\363\000n\000\040\000d\000e\000\040\000c\000l\000\372\000s\000t\000e\000r\000e\000s}{section.4.6}% 132
\BOOKMARK [2][-]{subsection.4.6.4}{\376\377\000S\000e\000l\000e\000c\000c\000i\000\363\000n\000\040\000d\000e\000\040\000f\000r\000a\000m\000e\000s\000\040\000c\000l\000a\000v\000e}{section.4.6}% 133
\BOOKMARK [1][-]{section.4.7}{\376\377\000G\000e\000n\000e\000r\000a\000c\000i\000\363\000n\000\040\000d\000e\000\040\000c\000l\000i\000p\000s}{chapter.4}% 134
\BOOKMARK [2][-]{subsection.4.7.1}{\376\377\000D\000e\000s\000c\000r\000i\000p\000c\000i\000\363\000n\000\040\000d\000e\000l\000\040\000p\000r\000o\000c\000e\000s\000o}{section.4.7}% 135
\BOOKMARK [2][-]{subsection.4.7.2}{\376\377\000V\000i\000s\000u\000a\000l\000i\000z\000a\000c\000i\000\363\000n\000\040\000d\000e\000\040\000R\000e\000s\000u\000l\000t\000a\000d\000o\000s}{section.4.7}% 136
\BOOKMARK [0][-]{chapter.5}{\376\377\000C\000O\000N\000C\000L\000U\000S\000I\000O\000N\000E\000S\000\040\000Y\000\040\000R\000E\000C\000O\000M\000E\000N\000D\000A\000C\000I\000O\000N\000E\000S}{}% 137
\BOOKMARK [1][-]{section.5.1}{\376\377\000C\000o\000n\000c\000l\000u\000s\000i\000o\000n\000e\000s}{chapter.5}% 138
\BOOKMARK [1][-]{section.5.2}{\376\377\000R\000e\000c\000o\000m\000e\000n\000d\000a\000c\000i\000o\000n\000e\000s}{chapter.5}% 139
\BOOKMARK [0][-]{chapter*.61}{\376\377\000B\000I\000B\000L\000I\000O\000G\000R\000A\000F\000\315\000A}{}% 140
\BOOKMARK [0][-]{section*.62}{\376\377\000A\000n\000e\000x\000o\000s}{}% 141
\BOOKMARK [0][-]{appendix.Alph1}{\376\377\000A\000n\000e\000x\000o\000\040\000I\000:\000\040\000M\000a\000t\000r\000i\000z\000\040\000d\000e\000\040\000C\000o\000n\000s\000i\000s\000t\000e\000n\000c\000i\000a}{}% 142
\BOOKMARK [0][-]{appendix.Alph2}{\376\377\000A\000n\000e\000x\000o\000\040\000I\000I\000:\000\040\000\301\000r\000b\000o\000l\000\040\000d\000e\000\040\000p\000r\000o\000b\000l\000e\000m\000a\000s}{}% 143
\BOOKMARK [0][-]{appendix.Alph3}{\376\377\000A\000n\000e\000x\000o\000\040\000I\000I\000I\000:\000\040\000L\000i\000n\000k\000s\000\040\000d\000e\000\040\000v\000i\000d\000e\000o\000s\000\040\000e\000x\000t\000r\000a\000\355\000d\000o\000s}{}% 144
